[2025-11-27 18:46:35] INFO  main.java.service.StoreService - Загрузка данных из хранилища...
[2025-11-27 18:46:35] INFO  main.java.data.JsonDataStorage - Попытка загрузки данных из файла: C:\Users\user\Documents\java_practice\runtime\CosmeticsProject/src/main/java/data/data.json
[2025-11-27 18:46:35] INFO  main.java.data.JsonDataStorage - Успешная загрузка данных: товаров=10, продаж=6
[2025-11-27 18:46:35] INFO  main.java.service.StoreService - Загружено товаров: 10, продаж: 6
[2025-11-27 18:46:35] INFO  main.java.ui.StoreApp - StoreApp запущен
[2025-11-27 18:46:35] INFO  main.java.ui.StoreApp - Проверка логирования: конфигурация загружена успешно
[2025-11-27 18:49:30] INFO  main.java.ui.StoreApp - Показ товаров
[2025-11-27 18:49:38] INFO  main.java.ui.StoreApp - Открыто окно удаления товара
[2025-11-27 18:49:45] INFO  main.java.service.StoreService - Сохранение данных: товаров=9, продаж=6
[2025-11-27 18:49:45] INFO  main.java.data.JsonDataStorage - Сохранение данных в JSON: товаров=9, продаж=6
[2025-11-27 18:49:45] INFO  main.java.ui.StoreApp - Удалён товар: Крем для лица
[2025-11-27 18:49:46] INFO  main.java.ui.StoreApp - Показ товаров
[2025-11-27 18:50:13] INFO  main.java.service.StoreService - Загрузка данных из хранилища...
[2025-11-27 18:50:13] INFO  main.java.data.JsonDataStorage - Попытка загрузки данных из файла: C:\Users\user\Documents\java_practice\runtime\CosmeticsProject/src/main/java/data/data.json
[2025-11-27 18:50:13] INFO  main.java.data.JsonDataStorage - Успешная загрузка данных: товаров=9, продаж=6
[2025-11-27 18:50:13] INFO  main.java.service.StoreService - Загружено товаров: 9, продаж: 6
[2025-11-27 18:50:13] INFO  main.java.ui.StoreApp - StoreApp запущен
[2025-11-27 18:50:13] INFO  main.java.ui.StoreApp - Проверка логирования: конфигурация загружена успешно
[2025-11-27 18:50:15] INFO  main.java.ui.StoreApp - Показ товаров
[2025-11-27 18:50:18] INFO  main.java.ui.StoreApp - Просмотр истории продаж
[2025-11-27 18:50:19] INFO  main.java.ui.StoreApp - Просмотр выручки
[2025-11-27 18:50:19] INFO  main.java.service.StoreService - Расчёт выручки: 44487.0
[2025-11-27 18:51:02] INFO  main.java.ui.StoreApp - Открыто окно добавления товара
[2025-11-27 18:51:04] INFO  main.java.ui.StoreApp - Открыто окно обновления товара
[2025-11-27 18:51:07] WARN  main.java.service.StoreService - Товар не найден: аывау
[2025-11-27 18:51:07] WARN  main.java.ui.StoreApp - Товар не найден при обновлении: аывау
main.java.exceptions.ProductNotFoundException: Товар 'аывау' не найден
	at main.java.service.StoreService.updateByName(StoreService.java:84) ~[CosmeticsProject/:?]
	at main.java.ui.StoreApp.lambda$openUpdateDialog$0(StoreApp.java:365) [CosmeticsProject/:?]
	at com.sun.javafx.event.CompositeEventHandler.dispatchBubblingEvent(CompositeEventHandler.java:86) [javafx.base.jar:?]
	at com.sun.javafx.event.EventHandlerManager.dispatchBubblingEvent(EventHandlerManager.java:232) [javafx.base.jar:?]
	at com.sun.javafx.event.EventHandlerManager.dispatchBubblingEvent(EventHandlerManager.java:189) [javafx.base.jar:?]
	at com.sun.javafx.event.CompositeEventDispatcher.dispatchBubblingEvent(CompositeEventDispatcher.java:59) [javafx.base.jar:?]
	at com.sun.javafx.event.BasicEventDispatcher.dispatchEvent(BasicEventDispatcher.java:58) [javafx.base.jar:?]
	at com.sun.javafx.event.EventDispatchChainImpl.dispatchEvent(EventDispatchChainImpl.java:114) [javafx.base.jar:?]
	at com.sun.javafx.event.BasicEventDispatcher.dispatchEvent(BasicEventDispatcher.java:56) [javafx.base.jar:?]
	at com.sun.javafx.event.EventDispatchChainImpl.dispatchEvent(EventDispatchChainImpl.java:114) [javafx.base.jar:?]
	at com.sun.javafx.event.BasicEventDispatcher.dispatchEvent(BasicEventDispatcher.java:56) [javafx.base.jar:?]
	at com.sun.javafx.event.EventDispatchChainImpl.dispatchEvent(EventDispatchChainImpl.java:114) [javafx.base.jar:?]
	at com.sun.javafx.event.EventUtil.fireEventImpl(EventUtil.java:74) [javafx.base.jar:?]
	at com.sun.javafx.event.EventUtil.fireEvent(EventUtil.java:49) [javafx.base.jar:?]
	at javafx.event.Event.fireEvent(Event.java:199) [javafx.base.jar:?]
	at javafx.scene.Node.fireEvent(Node.java:9026) [javafx.graphics.jar:?]
	at javafx.scene.control.Button.fire(Button.java:203) [javafx.controls.jar:?]
	at com.sun.javafx.scene.control.behavior.ButtonBehavior.mouseReleased(ButtonBehavior.java:207) [javafx.controls.jar:?]
	at com.sun.javafx.scene.control.inputmap.InputMap.handle(InputMap.java:274) [javafx.controls.jar:?]
	at com.sun.javafx.event.CompositeEventHandler$NormalEventHandlerRecord.handleBubblingEvent(CompositeEventHandler.java:247) [javafx.base.jar:?]
	at com.sun.javafx.event.CompositeEventHandler.dispatchBubblingEvent(CompositeEventHandler.java:80) [javafx.base.jar:?]
	at com.sun.javafx.event.EventHandlerManager.dispatchBubblingEvent(EventHandlerManager.java:232) [javafx.base.jar:?]
	at com.sun.javafx.event.EventHandlerManager.dispatchBubblingEvent(EventHandlerManager.java:189) [javafx.base.jar:?]
	at com.sun.javafx.event.CompositeEventDispatcher.dispatchBubblingEvent(CompositeEventDispatcher.java:59) [javafx.base.jar:?]
	at com.sun.javafx.event.BasicEventDispatcher.dispatchEvent(BasicEventDispatcher.java:58) [javafx.base.jar:?]
	at com.sun.javafx.event.EventDispatchChainImpl.dispatchEvent(EventDispatchChainImpl.java:114) [javafx.base.jar:?]
	at com.sun.javafx.event.BasicEventDispatcher.dispatchEvent(BasicEventDispatcher.java:56) [javafx.base.jar:?]
	at com.sun.javafx.event.EventDispatchChainImpl.dispatchEvent(EventDispatchChainImpl.java:114) [javafx.base.jar:?]
	at com.sun.javafx.event.BasicEventDispatcher.dispatchEvent(BasicEventDispatcher.java:56) [javafx.base.jar:?]
	at com.sun.javafx.event.EventDispatchChainImpl.dispatchEvent(EventDispatchChainImpl.java:114) [javafx.base.jar:?]
	at com.sun.javafx.event.EventUtil.fireEventImpl(EventUtil.java:74) [javafx.base.jar:?]
	at com.sun.javafx.event.EventUtil.fireEvent(EventUtil.java:54) [javafx.base.jar:?]
	at javafx.event.Event.fireEvent(Event.java:199) [javafx.base.jar:?]
	at javafx.scene.Scene$MouseHandler.process(Scene.java:4061) [javafx.graphics.jar:?]
	at javafx.scene.Scene.processMouseEvent(Scene.java:1947) [javafx.graphics.jar:?]
	at javafx.scene.Scene$ScenePeerListener.mouseEvent(Scene.java:2784) [javafx.graphics.jar:?]
	at com.sun.javafx.tk.quantum.GlassViewEventHandler$MouseEventNotification.get(GlassViewEventHandler.java:353) [javafx.graphics.jar:?]
	at com.sun.javafx.tk.quantum.GlassViewEventHandler$MouseEventNotification.get(GlassViewEventHandler.java:255) [javafx.graphics.jar:?]
	at com.sun.javafx.tk.quantum.QuantumToolkit.runWithoutRenderLock(QuantumToolkit.java:424) [javafx.graphics.jar:?]
	at com.sun.javafx.tk.quantum.GlassViewEventHandler.handleMouseEvent(GlassViewEventHandler.java:387) [javafx.graphics.jar:?]
	at com.sun.glass.ui.View.handleMouseEvent(View.java:573) [javafx.graphics.jar:?]
	at com.sun.glass.ui.View.notifyMouse(View.java:975) [javafx.graphics.jar:?]
	at com.sun.glass.ui.win.WinApplication._runLoop(Native Method) [javafx.graphics.jar:?]
	at com.sun.glass.ui.win.WinApplication.lambda$runLoop$0(WinApplication.java:168) [javafx.graphics.jar:?]
	at java.lang.Thread.run(Thread.java:1447) [?:?]
[2025-11-27 18:51:32] INFO  main.java.ui.StoreApp - StoreApp завершён. Сохраняем данные...
[2025-11-27 18:51:32] INFO  main.java.service.StoreService - Сохранение данных: товаров=9, продаж=6
[2025-11-27 18:51:32] INFO  main.java.data.JsonDataStorage - Сохранение данных в JSON: товаров=9, продаж=6
[2025-11-27 18:52:46] INFO  main.java.service.StoreService - Загрузка данных из хранилища...
[2025-11-27 18:52:46] INFO  main.java.data.JsonDataStorage - Попытка загрузки данных из файла: C:\Users\user\Documents\java_practice\runtime\CosmeticsProject/src/main/java/data/data.json
[2025-11-27 18:52:46] INFO  main.java.data.JsonDataStorage - Успешная загрузка данных: товаров=9, продаж=6
[2025-11-27 18:52:46] INFO  main.java.service.StoreService - Загружено товаров: 9, продаж: 6
[2025-11-27 18:52:46] WARN  main.java.ui.StoreApp - ТЕСТ ЗАПИСИ В ФАЙЛ!
[2025-11-27 18:52:46] INFO  main.java.ui.StoreApp - StoreApp запущен
[2025-11-27 18:52:46] INFO  main.java.ui.StoreApp - Проверка логирования: конфигурация загружена успешно
[2025-11-27 18:53:59] INFO  main.java.service.StoreService - Загрузка данных из хранилища...
[2025-11-27 18:53:59] INFO  main.java.data.JsonDataStorage - Попытка загрузки данных из файла: C:\Users\user\Documents\java_practice\runtime\CosmeticsProject/src/main/java/data/data.json
[2025-11-27 18:53:59] INFO  main.java.data.JsonDataStorage - Успешная загрузка данных: товаров=9, продаж=6
[2025-11-27 18:53:59] INFO  main.java.service.StoreService - Загружено товаров: 9, продаж: 6
[2025-11-27 18:53:59] WARN  main.java.ui.StoreApp - ТЕСТ ЗАПИСИ В ФАЙЛ!
[2025-11-27 18:53:59] INFO  main.java.ui.StoreApp - StoreApp запущен
[2025-11-27 18:53:59] INFO  main.java.ui.StoreApp - Проверка логирования: конфигурация загружена успешно
[2025-11-28 22:14:26] INFO  main.java.service.StoreService - Загрузка данных из хранилища...
[2025-11-28 22:14:26] INFO  main.java.data.JsonDataStorage - Попытка загрузки данных из файла: C:\Users\user\Documents\java_practice\runtime\CosmeticsProject/src/main/java/data/data.json
[2025-11-28 22:14:26] INFO  main.java.data.JsonDataStorage - Успешная загрузка данных: товаров=9, продаж=6
[2025-11-28 22:14:26] INFO  main.java.service.StoreService - Загружено товаров: 9, продаж: 6
[2025-11-28 22:14:26] INFO  main.java.ui.StoreApp - StoreApp запущен
[2025-11-28 22:14:31] INFO  main.java.service.StoreService - Расчёт выручки: 44487.0
[2025-11-28 22:14:32] INFO  main.java.service.StoreService - Расчёт выручки: 44487.0
[2025-11-28 22:14:52] INFO  main.java.ui.StoreApp - StoreApp завершён. Сохраняем данные...
[2025-11-28 22:14:52] INFO  main.java.service.StoreService - Сохранение данных: товаров=9, продаж=6
[2025-11-28 22:14:52] INFO  main.java.data.JsonDataStorage - Сохранение данных в JSON: товаров=9, продаж=6
[2025-11-28 22:14:58] INFO  main.java.service.StoreService - Загрузка данных из хранилища...
[2025-11-28 22:14:58] INFO  main.java.data.JsonDataStorage - Попытка загрузки данных из файла: C:\Users\user\Documents\java_practice\runtime\CosmeticsProject/src/main/java/data/data.json
[2025-11-28 22:14:58] INFO  main.java.data.JsonDataStorage - Успешная загрузка данных: товаров=9, продаж=6
[2025-11-28 22:14:58] INFO  main.java.service.StoreService - Загружено товаров: 9, продаж: 6
[2025-11-28 22:14:58] INFO  main.java.ui.StoreApp - StoreApp запущен
[2025-11-28 22:15:01] INFO  main.java.ui.StoreApp - StoreApp завершён. Сохраняем данные...
[2025-11-28 22:15:01] INFO  main.java.service.StoreService - Сохранение данных: товаров=9, продаж=6
[2025-11-28 22:15:01] INFO  main.java.data.JsonDataStorage - Сохранение данных в JSON: товаров=9, продаж=6
[2025-11-28 22:15:16] INFO  main.java.service.StoreService - Загрузка данных из хранилища...
[2025-11-28 22:15:16] INFO  main.java.data.JsonDataStorage - Попытка загрузки данных из файла: C:\Users\user\Documents\java_practice\runtime\CosmeticsProject/src/main/java/data/data.json
[2025-11-28 22:15:16] INFO  main.java.data.JsonDataStorage - Успешная загрузка данных: товаров=9, продаж=6
[2025-11-28 22:15:16] INFO  main.java.service.StoreService - Загружено товаров: 9, продаж: 6
[2025-11-28 22:15:16] WARN  main.java.ui.StoreApp - ТЕСТ ЗАПИСИ В ФАЙЛ!
[2025-11-28 22:15:16] INFO  main.java.ui.StoreApp - StoreApp запущен
[2025-11-28 22:15:16] INFO  main.java.ui.StoreApp - Проверка логирования: конфигурация загружена успешно
[2025-11-28 22:15:17] INFO  main.java.ui.StoreApp - Открыто окно добавления товара
[2025-11-28 22:15:20] INFO  main.java.ui.StoreApp - Открыто окно обновления товара
[2025-11-28 22:15:22] INFO  main.java.ui.StoreApp - Показ товаров
[2025-11-28 22:15:25] INFO  main.java.ui.StoreApp - Открыто окно добавления товара
[2025-11-28 22:15:55] INFO  main.java.service.StoreService - Добавление товара: Крем для лица, цена=2500.0, остаток=20
[2025-11-28 22:15:55] INFO  main.java.service.StoreService - Сохранение данных: товаров=10, продаж=6
[2025-11-28 22:15:55] INFO  main.java.data.JsonDataStorage - Сохранение данных в JSON: товаров=10, продаж=6
[2025-11-28 22:15:55] INFO  main.java.ui.StoreApp - Добавлен товар через UI: Крем для лица
[2025-11-28 22:15:56] INFO  main.java.ui.StoreApp - Показ товаров
[2025-11-28 22:15:58] INFO  main.java.ui.StoreApp - Просмотр истории продаж
[2025-11-28 22:15:59] INFO  main.java.ui.StoreApp - Просмотр выручки
[2025-11-28 22:15:59] INFO  main.java.service.StoreService - Расчёт выручки: 44487.0
[2025-11-28 22:16:00] INFO  main.java.ui.StoreApp - Показ товаров
[2025-11-28 22:16:02] INFO  main.java.ui.StoreApp - Открыто окно продажи товара
[2025-11-28 22:16:15] INFO  main.java.service.StoreService - Продажа товара: Крем для лица, количество=1
[2025-11-28 22:16:15] INFO  main.java.service.StoreService - Сохранение данных: товаров=10, продаж=7
[2025-11-28 22:16:15] INFO  main.java.data.JsonDataStorage - Сохранение данных в JSON: товаров=10, продаж=7
[2025-11-28 22:16:15] INFO  main.java.ui.StoreApp - Продан товар: Крем для лица
[2025-11-28 22:16:16] INFO  main.java.ui.StoreApp - Просмотр истории продаж
[2025-11-28 22:16:18] INFO  main.java.ui.StoreApp - Просмотр выручки
[2025-11-28 22:16:18] INFO  main.java.service.StoreService - Расчёт выручки: 46987.0
[2025-11-28 22:24:57] INFO  main.java.service.StoreService - Загрузка данных из хранилища...
[2025-11-28 22:24:57] INFO  main.java.data.JsonDataStorage - Попытка загрузки данных из файла: C:\Users\user\Documents\java_practice\runtime\CosmeticsProject/src/main/java/data/data.json
[2025-11-28 22:24:57] INFO  main.java.data.JsonDataStorage - Успешная загрузка данных: товаров=10, продаж=7
[2025-11-28 22:24:57] INFO  main.java.service.StoreService - Загружено товаров: 10, продаж: 7
[2025-11-28 22:24:57] WARN  main.java.ui.StoreApp - ТЕСТ ЗАПИСИ В ФАЙЛ!
[2025-11-28 22:24:57] INFO  main.java.ui.StoreApp - StoreApp запущен
[2025-11-28 22:24:57] INFO  main.java.ui.StoreApp - Проверка логирования: конфигурация загружена успешно
[2025-11-28 22:24:59] INFO  main.java.ui.StoreApp - Показ товаров
[2025-11-28 22:25:01] INFO  main.java.ui.StoreApp - Открыто окно удаления товара
[2025-11-28 22:25:07] INFO  main.java.service.StoreService - Сохранение данных: товаров=9, продаж=7
[2025-11-28 22:25:07] INFO  main.java.data.JsonDataStorage - Сохранение данных в JSON: товаров=9, продаж=7
[2025-11-28 22:25:07] INFO  main.java.ui.StoreApp - Удалён товар: Крем для лица
[2025-11-28 22:25:08] INFO  main.java.ui.StoreApp - Показ товаров
[2025-11-28 22:25:09] INFO  main.java.ui.StoreApp - Просмотр истории продаж
[2025-11-28 22:25:10] INFO  main.java.ui.StoreApp - Просмотр выручки
[2025-11-28 22:25:10] INFO  main.java.service.StoreService - Расчёт выручки: 46987.0
[2025-11-28 22:25:12] INFO  main.java.ui.StoreApp - Открыто окно добавления товара
[2025-11-28 22:25:14] INFO  main.java.ui.StoreApp - Открыто окно обновления товара
[2025-11-28 22:25:16] INFO  main.java.ui.StoreApp - Открыто окно удаления товара
[2025-11-28 22:25:17] INFO  main.java.ui.StoreApp - Открыто окно продажи товара
[2025-11-28 22:25:19] INFO  main.java.ui.StoreApp - StoreApp завершён. Сохраняем данные...
[2025-11-28 22:25:19] INFO  main.java.service.StoreService - Сохранение данных: товаров=9, продаж=7
[2025-11-28 22:25:19] INFO  main.java.data.JsonDataStorage - Сохранение данных в JSON: товаров=9, продаж=7
[2025-11-29 12:29:06] INFO  main.java.service.StoreService - Загрузка данных из хранилища...
[2025-11-29 12:29:06] INFO  main.java.data.JsonDataStorage - Попытка загрузки данных из файла: C:\Users\user\Documents\java_practice\runtime\CosmeticsProject/src/main/java/data/data.json
[2025-11-29 12:29:06] INFO  main.java.data.JsonDataStorage - Успешная загрузка данных: товаров=9, продаж=7
[2025-11-29 12:29:06] INFO  main.java.service.StoreService - Загружено товаров: 9, продаж: 7
[2025-11-29 12:29:06] WARN  main.java.ui.StoreApp - ТЕСТ ЗАПИСИ В ФАЙЛ!
[2025-11-29 12:29:06] INFO  main.java.ui.StoreApp - StoreApp запущен
[2025-11-29 12:29:06] INFO  main.java.ui.StoreApp - Проверка логирования: конфигурация загружена успешно
[2025-11-29 12:29:12] INFO  main.java.ui.StoreApp - Показ товаров
[2025-11-29 12:29:22] INFO  main.java.ui.StoreApp - Просмотр истории продаж
[2025-11-29 12:29:24] INFO  main.java.ui.StoreApp - Просмотр выручки
[2025-11-29 12:29:24] INFO  main.java.service.StoreService - Расчёт выручки: 46987.0
[2025-11-29 12:29:24] INFO  main.java.ui.StoreApp - Просмотр истории продаж
[2025-11-29 12:29:26] INFO  main.java.ui.StoreApp - Показ товаров
[2025-11-29 12:29:31] INFO  main.java.ui.StoreApp - Открыто окно добавления товара
[2025-11-29 12:29:35] INFO  main.java.ui.StoreApp - Открыто окно обновления товара
[2025-11-29 12:29:48] INFO  main.java.ui.StoreApp - StoreApp завершён. Сохраняем данные...
[2025-11-29 12:29:48] INFO  main.java.service.StoreService - Сохранение данных: товаров=9, продаж=7
[2025-11-29 12:29:48] INFO  main.java.data.JsonDataStorage - Сохранение данных в JSON: товаров=9, продаж=7
[2025-11-29 13:11:15] INFO  main.java.service.StoreService - Загрузка данных из хранилища...
[2025-11-29 13:11:15] INFO  main.java.data.JsonDataStorage - Попытка загрузки данных из файла: C:\Users\user\Documents\java_practice\runtime\CosmeticsProject/src/main/java/data/data.json
[2025-11-29 13:11:15] INFO  main.java.data.JsonDataStorage - Успешная загрузка данных: товаров=9, продаж=7
[2025-11-29 13:11:15] INFO  main.java.service.StoreService - Загружено товаров: 9, продаж: 7
[2025-11-29 13:11:15] WARN  main.java.ui.StoreApp - ТЕСТ ЗАПИСИ В ФАЙЛ!
[2025-11-29 13:11:15] INFO  main.java.ui.StoreApp - StoreApp запущен
[2025-11-29 13:11:15] INFO  main.java.ui.StoreApp - Проверка логирования: конфигурация загружена успешно
[2025-11-29 13:11:26] INFO  main.java.ui.StoreApp - StoreApp завершён. Сохраняем данные...
[2025-11-29 13:11:26] INFO  main.java.service.StoreService - Сохранение данных: товаров=9, продаж=7
[2025-11-29 13:11:26] INFO  main.java.data.JsonDataStorage - Сохранение данных в JSON: товаров=9, продаж=7
[2025-11-29 13:22:06] INFO  main.java.service.StoreService - Загрузка данных из хранилища...
[2025-11-29 13:22:06] INFO  main.java.data.JsonDataStorage - Попытка загрузки данных из файла: C:\Users\user\Documents\java_practice\runtime\CosmeticsProject/src/main/java/data/data.json
[2025-11-29 13:22:06] INFO  main.java.data.JsonDataStorage - Успешная загрузка данных: товаров=9, продаж=7
[2025-11-29 13:22:06] INFO  main.java.service.StoreService - Загружено товаров: 9, продаж: 7
[2025-11-29 13:22:06] WARN  main.java.ui.StoreApp - ТЕСТ ЗАПИСИ В ФАЙЛ!
[2025-11-29 13:22:06] INFO  main.java.ui.StoreApp - StoreApp запущен
[2025-11-29 13:22:06] INFO  main.java.ui.StoreApp - Проверка логирования: конфигурация загружена успешно
[2025-11-29 13:22:09] INFO  main.java.ui.StoreApp - Показ товаров
[2025-11-29 13:22:09] INFO  main.java.ui.StoreApp - Просмотр истории продаж
[2025-11-29 13:22:10] INFO  main.java.ui.StoreApp - Просмотр выручки
[2025-11-29 13:22:10] INFO  main.java.service.StoreService - Расчёт выручки: 46987.0
[2025-11-29 13:22:12] INFO  main.java.ui.StoreApp - Открыто окно добавления товара
[2025-11-29 13:22:16] INFO  main.java.ui.StoreApp - Просмотр истории продаж
[2025-11-29 13:22:17] INFO  main.java.ui.StoreApp - Просмотр выручки
[2025-11-29 13:22:17] INFO  main.java.service.StoreService - Расчёт выручки: 46987.0
[2025-11-29 13:22:27] INFO  main.java.ui.StoreApp - StoreApp завершён. Сохраняем данные...
[2025-11-29 13:22:27] INFO  main.java.service.StoreService - Сохранение данных: товаров=9, продаж=7
[2025-11-29 13:22:27] INFO  main.java.data.JsonDataStorage - Сохранение данных в JSON: товаров=9, продаж=7
[2025-11-29 22:05:11] INFO  main.java.service.StoreService - Загрузка данных из хранилища...
[2025-11-29 22:05:11] INFO  main.java.data.JsonDataStorage - Попытка загрузки данных из файла: C:\Users\user\Documents\java_practice\runtime\CosmeticsProject/src/main/java/data/data.json
[2025-11-29 22:05:11] INFO  main.java.data.JsonDataStorage - Успешная загрузка данных: товаров=9, продаж=7
[2025-11-29 22:05:11] INFO  main.java.service.StoreService - Загружено товаров: 9, продаж: 7
[2025-11-29 22:05:11] WARN  main.java.ui.StoreApp - ТЕСТ ЗАПИСИ В ФАЙЛ!
[2025-11-29 22:05:11] INFO  main.java.ui.StoreApp - StoreApp запущен
[2025-11-29 22:05:11] INFO  main.java.ui.StoreApp - Проверка логирования: конфигурация загружена успешно
[2025-11-29 22:05:18] INFO  main.java.ui.StoreApp - Показ товаров
[2025-11-29 22:05:19] INFO  main.java.ui.StoreApp - Просмотр истории продаж
[2025-11-29 22:05:28] INFO  main.java.ui.StoreApp - Просмотр выручки
[2025-11-29 22:05:28] INFO  main.java.service.StoreService - Расчёт выручки: 46987.0
[2025-11-29 22:05:29] INFO  main.java.ui.StoreApp - Просмотр истории продаж
[2025-11-29 22:05:29] INFO  main.java.ui.StoreApp - Показ товаров
[2025-11-29 22:05:30] INFO  main.java.ui.StoreApp - Просмотр истории продаж
[2025-11-29 22:05:31] INFO  main.java.ui.StoreApp - Просмотр выручки
[2025-11-29 22:05:31] INFO  main.java.service.StoreService - Расчёт выручки: 46987.0
[2025-11-29 22:05:31] INFO  main.java.ui.StoreApp - Показ товаров
[2025-11-29 22:05:34] INFO  main.java.ui.StoreApp - Открыто окно добавления товара
[2025-11-29 22:06:15] INFO  main.java.service.StoreService - Добавление товара: Мицелярная вода, цена=4000.0, остаток=15
[2025-11-29 22:06:15] INFO  main.java.service.StoreService - Сохранение данных: товаров=10, продаж=7
[2025-11-29 22:06:15] INFO  main.java.data.JsonDataStorage - Сохранение данных в JSON: товаров=10, продаж=7
[2025-11-29 22:06:15] INFO  main.java.ui.StoreApp - Добавлен товар через UI: Мицелярная вода
[2025-11-29 22:06:17] INFO  main.java.ui.StoreApp - Показ товаров
[2025-11-29 22:06:19] INFO  main.java.ui.StoreApp - Просмотр истории продаж
[2025-11-29 22:06:20] INFO  main.java.ui.StoreApp - Просмотр выручки
[2025-11-29 22:06:20] INFO  main.java.service.StoreService - Расчёт выручки: 46987.0
[2025-11-29 22:06:26] INFO  main.java.ui.StoreApp - Открыто окно продажи товара
[2025-11-29 22:06:35] INFO  main.java.service.StoreService - Продажа товара: Мицелярная вода, количество=2
[2025-11-29 22:06:35] INFO  main.java.service.StoreService - Сохранение данных: товаров=10, продаж=8
[2025-11-29 22:06:35] INFO  main.java.data.JsonDataStorage - Сохранение данных в JSON: товаров=10, продаж=8
[2025-11-29 22:06:35] INFO  main.java.ui.StoreApp - Продан товар: Мицелярная вода
[2025-11-29 22:06:37] INFO  main.java.ui.StoreApp - Просмотр истории продаж
[2025-11-29 22:06:43] INFO  main.java.ui.StoreApp - StoreApp завершён. Сохраняем данные...
[2025-11-29 22:06:43] INFO  main.java.service.StoreService - Сохранение данных: товаров=10, продаж=8
[2025-11-29 22:06:43] INFO  main.java.data.JsonDataStorage - Сохранение данных в JSON: товаров=10, продаж=8
[2025-11-29 22:10:04] INFO  main.java.service.StoreService - Загрузка данных из хранилища...
[2025-11-29 22:10:04] INFO  main.java.data.JsonDataStorage - Попытка загрузки данных из файла: C:\Users\user\Documents\java_practice\runtime\CosmeticsProject/src/main/java/data/data.json
[2025-11-29 22:10:04] INFO  main.java.data.JsonDataStorage - Успешная загрузка данных: товаров=10, продаж=8
[2025-11-29 22:10:04] INFO  main.java.service.StoreService - Загружено товаров: 10, продаж: 8
[2025-11-29 22:10:04] WARN  main.java.ui.StoreApp - ТЕСТ ЗАПИСИ В ФАЙЛ!
[2025-11-29 22:10:04] INFO  main.java.ui.StoreApp - StoreApp запущен
[2025-11-29 22:10:04] INFO  main.java.ui.StoreApp - Проверка логирования: конфигурация загружена успешно
[2025-11-29 22:10:06] INFO  main.java.ui.StoreApp - StoreApp завершён. Сохраняем данные...
[2025-11-29 22:10:06] INFO  main.java.service.StoreService - Сохранение данных: товаров=10, продаж=8
[2025-11-29 22:10:06] INFO  main.java.data.JsonDataStorage - Сохранение данных в JSON: товаров=10, продаж=8
[2025-11-30 18:35:28] INFO  main.java.service.StoreService - Загрузка данных из хранилища...
[2025-11-30 18:35:28] INFO  main.java.data.JsonDataStorage - Попытка загрузки данных из файла: C:\Users\user\Documents\java_practice\runtime\CosmeticsProject/src/main/java/data/data.json
[2025-11-30 18:35:28] INFO  main.java.data.JsonDataStorage - Успешная загрузка данных: товаров=10, продаж=8
[2025-11-30 18:35:28] INFO  main.java.service.StoreService - Загружено товаров: 10, продаж: 8
[2025-11-30 18:35:28] WARN  main.java.ui.StoreApp - ТЕСТ ЗАПИСИ В ФАЙЛ!
[2025-11-30 18:35:28] INFO  main.java.ui.StoreApp - StoreApp запущен
[2025-11-30 18:35:28] INFO  main.java.ui.StoreApp - Проверка логирования: конфигурация загружена успешно
[2025-11-30 18:36:26] INFO  main.java.ui.StoreApp - Показ товаров
[2025-11-30 18:37:08] INFO  main.java.ui.StoreApp - Просмотр истории продаж
[2025-11-30 18:38:23] INFO  main.java.ui.StoreApp - Просмотр выручки
[2025-11-30 18:38:23] INFO  main.java.service.StoreService - Расчёт выручки: 54987.0
[2025-11-30 18:38:54] INFO  main.java.ui.StoreApp - Открыто окно добавления товара
[2025-11-30 18:40:35] INFO  main.java.ui.StoreApp - Открыто окно обновления товара
[2025-11-30 18:42:52] INFO  main.java.ui.StoreApp - StoreApp завершён. Сохраняем данные...
[2025-11-30 18:42:52] INFO  main.java.service.StoreService - Сохранение данных: товаров=10, продаж=8
[2025-11-30 18:42:52] INFO  main.java.data.JsonDataStorage - Сохранение данных в JSON: товаров=10, продаж=8
[2025-12-01 18:33:42] INFO  main.java.service.StoreService - Загрузка данных из хранилища...
[2025-12-01 18:33:42] INFO  main.java.data.JsonDataStorage - Попытка загрузки данных из файла: C:\Users\user\Documents\java_practice\runtime\CosmeticsProject/src/main/java/data/data.json
[2025-12-01 18:33:42] INFO  main.java.data.JsonDataStorage - Успешная загрузка данных: товаров=10, продаж=8
[2025-12-01 18:33:42] INFO  main.java.service.StoreService - Загружено товаров: 10, продаж: 8
[2025-12-01 18:33:42] WARN  main.java.ui.StoreApp - ТЕСТ ЗАПИСИ В ФАЙЛ!
[2025-12-01 18:33:42] INFO  main.java.ui.StoreApp - StoreApp запущен
[2025-12-01 18:33:42] INFO  main.java.ui.StoreApp - Проверка логирования: конфигурация загружена успешно
[2025-12-01 18:33:44] INFO  main.java.ui.StoreApp - Показ товаров
[2025-12-01 18:33:44] INFO  main.java.ui.StoreApp - Просмотр истории продаж
[2025-12-01 18:33:45] INFO  main.java.ui.StoreApp - Просмотр выручки
[2025-12-01 18:33:45] INFO  main.java.service.StoreService - Расчёт выручки: 54987.0
[2025-12-01 18:33:46] INFO  main.java.ui.StoreApp - StoreApp завершён. Сохраняем данные...
[2025-12-01 18:33:46] INFO  main.java.service.StoreService - Сохранение данных: товаров=10, продаж=8
[2025-12-01 18:33:46] INFO  main.java.data.JsonDataStorage - Сохранение данных в JSON: товаров=10, продаж=8
[2025-12-02 19:31:47] INFO  main.java.service.StoreService - Загрузка данных из хранилища...
[2025-12-02 19:31:47] INFO  main.java.data.JsonDataStorage - Попытка загрузки данных из файла: C:\Users\user\Documents\java_practice\runtime\CosmeticsProject/src/main/java/data/data.json
[2025-12-02 19:31:47] INFO  main.java.data.JsonDataStorage - Успешная загрузка данных: товаров=10, продаж=8
[2025-12-02 19:31:47] INFO  main.java.service.StoreService - Загружено товаров: 10, продаж: 8
[2025-12-02 19:31:47] WARN  main.java.ui.StoreApp - ТЕСТ ЗАПИСИ В ФАЙЛ!
[2025-12-02 19:31:47] INFO  main.java.ui.StoreApp - StoreApp запущен
[2025-12-02 19:31:47] INFO  main.java.ui.StoreApp - Проверка логирования: конфигурация загружена успешно
[2025-12-02 19:32:20] INFO  main.java.ui.StoreApp - Показ товаров
[2025-12-02 19:32:22] INFO  main.java.ui.StoreApp - Просмотр истории продаж
[2025-12-02 19:32:23] INFO  main.java.ui.StoreApp - Просмотр выручки
[2025-12-02 19:32:23] INFO  main.java.service.StoreService - Расчёт выручки: 54987.0
[2025-12-02 19:32:27] INFO  main.java.ui.StoreApp - Открыто окно добавления товара
[2025-12-02 19:32:30] INFO  main.java.ui.StoreApp - Открыто окно обновления товара
[2025-12-02 19:32:32] INFO  main.java.ui.StoreApp - Открыто окно удаления товара
[2025-12-02 19:32:37] INFO  main.java.ui.StoreApp - Показ товаров
[2025-12-02 19:32:38] INFO  main.java.ui.StoreApp - Открыто окно добавления товара
[2025-12-02 19:33:19] INFO  main.java.service.StoreService - Добавление товара: мыло для рук, цена=1000.0, остаток=100
[2025-12-02 19:33:19] INFO  main.java.service.StoreService - Сохранение данных: товаров=11, продаж=8
[2025-12-02 19:33:19] INFO  main.java.data.JsonDataStorage - Сохранение данных в JSON: товаров=11, продаж=8
[2025-12-02 19:33:19] INFO  main.java.ui.StoreApp - Добавлен товар через UI: мыло для рук
[2025-12-02 19:33:20] INFO  main.java.ui.StoreApp - Показ товаров
[2025-12-02 19:33:36] INFO  main.java.ui.StoreApp - Открыто окно добавления товара
[2025-12-02 19:33:43] WARN  main.java.ui.StoreApp - Пустые поля при добавлении товара
[2025-12-02 19:33:49] ERROR main.java.ui.StoreApp - Некорректный формат цены
java.lang.NumberFormatException: For input string: "вфц"
	at jdk.internal.math.FloatingDecimal.readJavaFormatString(FloatingDecimal.java:2054) ~[?:?]
	at jdk.internal.math.FloatingDecimal.parseDouble(FloatingDecimal.java:110) ~[?:?]
	at java.lang.Double.parseDouble(Double.java:971) ~[?:?]
	at main.java.ui.StoreApp.lambda$openAddDialog$0(StoreApp.java:336) [CosmeticsProject/:?]
	at com.sun.javafx.event.CompositeEventHandler.dispatchBubblingEvent(CompositeEventHandler.java:86) [javafx.base.jar:?]
	at com.sun.javafx.event.EventHandlerManager.dispatchBubblingEvent(EventHandlerManager.java:232) [javafx.base.jar:?]
	at com.sun.javafx.event.EventHandlerManager.dispatchBubblingEvent(EventHandlerManager.java:189) [javafx.base.jar:?]
	at com.sun.javafx.event.CompositeEventDispatcher.dispatchBubblingEvent(CompositeEventDispatcher.java:59) [javafx.base.jar:?]
	at com.sun.javafx.event.BasicEventDispatcher.dispatchEvent(BasicEventDispatcher.java:58) [javafx.base.jar:?]
	at com.sun.javafx.event.EventDispatchChainImpl.dispatchEvent(EventDispatchChainImpl.java:114) [javafx.base.jar:?]
	at com.sun.javafx.event.BasicEventDispatcher.dispatchEvent(BasicEventDispatcher.java:56) [javafx.base.jar:?]
	at com.sun.javafx.event.EventDispatchChainImpl.dispatchEvent(EventDispatchChainImpl.java:114) [javafx.base.jar:?]
	at com.sun.javafx.event.BasicEventDispatcher.dispatchEvent(BasicEventDispatcher.java:56) [javafx.base.jar:?]
	at com.sun.javafx.event.EventDispatchChainImpl.dispatchEvent(EventDispatchChainImpl.java:114) [javafx.base.jar:?]
	at com.sun.javafx.event.EventUtil.fireEventImpl(EventUtil.java:74) [javafx.base.jar:?]
	at com.sun.javafx.event.EventUtil.fireEvent(EventUtil.java:49) [javafx.base.jar:?]
	at javafx.event.Event.fireEvent(Event.java:199) [javafx.base.jar:?]
	at javafx.scene.Node.fireEvent(Node.java:9026) [javafx.graphics.jar:?]
	at javafx.scene.control.Button.fire(Button.java:203) [javafx.controls.jar:?]
	at com.sun.javafx.scene.control.behavior.ButtonBehavior.mouseReleased(ButtonBehavior.java:207) [javafx.controls.jar:?]
	at com.sun.javafx.scene.control.inputmap.InputMap.handle(InputMap.java:274) [javafx.controls.jar:?]
	at com.sun.javafx.event.CompositeEventHandler$NormalEventHandlerRecord.handleBubblingEvent(CompositeEventHandler.java:247) [javafx.base.jar:?]
	at com.sun.javafx.event.CompositeEventHandler.dispatchBubblingEvent(CompositeEventHandler.java:80) [javafx.base.jar:?]
	at com.sun.javafx.event.EventHandlerManager.dispatchBubblingEvent(EventHandlerManager.java:232) [javafx.base.jar:?]
	at com.sun.javafx.event.EventHandlerManager.dispatchBubblingEvent(EventHandlerManager.java:189) [javafx.base.jar:?]
	at com.sun.javafx.event.CompositeEventDispatcher.dispatchBubblingEvent(CompositeEventDispatcher.java:59) [javafx.base.jar:?]
	at com.sun.javafx.event.BasicEventDispatcher.dispatchEvent(BasicEventDispatcher.java:58) [javafx.base.jar:?]
	at com.sun.javafx.event.EventDispatchChainImpl.dispatchEvent(EventDispatchChainImpl.java:114) [javafx.base.jar:?]
	at com.sun.javafx.event.BasicEventDispatcher.dispatchEvent(BasicEventDispatcher.java:56) [javafx.base.jar:?]
	at com.sun.javafx.event.EventDispatchChainImpl.dispatchEvent(EventDispatchChainImpl.java:114) [javafx.base.jar:?]
	at com.sun.javafx.event.BasicEventDispatcher.dispatchEvent(BasicEventDispatcher.java:56) [javafx.base.jar:?]
	at com.sun.javafx.event.EventDispatchChainImpl.dispatchEvent(EventDispatchChainImpl.java:114) [javafx.base.jar:?]
	at com.sun.javafx.event.EventUtil.fireEventImpl(EventUtil.java:74) [javafx.base.jar:?]
	at com.sun.javafx.event.EventUtil.fireEvent(EventUtil.java:54) [javafx.base.jar:?]
	at javafx.event.Event.fireEvent(Event.java:199) [javafx.base.jar:?]
	at javafx.scene.Scene$MouseHandler.process(Scene.java:4061) [javafx.graphics.jar:?]
	at javafx.scene.Scene.processMouseEvent(Scene.java:1947) [javafx.graphics.jar:?]
	at javafx.scene.Scene$ScenePeerListener.mouseEvent(Scene.java:2784) [javafx.graphics.jar:?]
	at com.sun.javafx.tk.quantum.GlassViewEventHandler$MouseEventNotification.get(GlassViewEventHandler.java:353) [javafx.graphics.jar:?]
	at com.sun.javafx.tk.quantum.GlassViewEventHandler$MouseEventNotification.get(GlassViewEventHandler.java:255) [javafx.graphics.jar:?]
	at com.sun.javafx.tk.quantum.QuantumToolkit.runWithoutRenderLock(QuantumToolkit.java:424) [javafx.graphics.jar:?]
	at com.sun.javafx.tk.quantum.GlassViewEventHandler.handleMouseEvent(GlassViewEventHandler.java:387) [javafx.graphics.jar:?]
	at com.sun.glass.ui.View.handleMouseEvent(View.java:573) [javafx.graphics.jar:?]
	at com.sun.glass.ui.View.notifyMouse(View.java:975) [javafx.graphics.jar:?]
	at com.sun.glass.ui.win.WinApplication._runLoop(Native Method) [javafx.graphics.jar:?]
	at com.sun.glass.ui.win.WinApplication.lambda$runLoop$0(WinApplication.java:168) [javafx.graphics.jar:?]
	at java.lang.Thread.run(Thread.java:1447) [?:?]
[2025-12-02 19:34:00] INFO  main.java.ui.StoreApp - Открыто окно обновления товара
[2025-12-02 19:34:22] INFO  main.java.service.StoreService - Обновление товара: мыло для рук
[2025-12-02 19:34:22] INFO  main.java.service.StoreService - Сохранение данных: товаров=11, продаж=8
[2025-12-02 19:34:22] INFO  main.java.data.JsonDataStorage - Сохранение данных в JSON: товаров=11, продаж=8
[2025-12-02 19:34:22] INFO  main.java.ui.StoreApp - Обновление товара через UI: мыло для рук
[2025-12-02 19:34:23] INFO  main.java.ui.StoreApp - Показ товаров
[2025-12-02 19:34:27] INFO  main.java.ui.StoreApp - Открыто окно обновления товара
[2025-12-02 19:34:35] WARN  main.java.service.StoreService - Товар не найден: фывап
[2025-12-02 19:34:35] WARN  main.java.ui.StoreApp - Товар не найден при обновлении: фывап
main.java.exceptions.ProductNotFoundException: Товар 'фывап' не найден
	at main.java.service.StoreService.updateByName(StoreService.java:140) ~[CosmeticsProject/:?]
	at main.java.ui.StoreApp.lambda$openUpdateDialog$0(StoreApp.java:429) [CosmeticsProject/:?]
	at com.sun.javafx.event.CompositeEventHandler.dispatchBubblingEvent(CompositeEventHandler.java:86) [javafx.base.jar:?]
	at com.sun.javafx.event.EventHandlerManager.dispatchBubblingEvent(EventHandlerManager.java:232) [javafx.base.jar:?]
	at com.sun.javafx.event.EventHandlerManager.dispatchBubblingEvent(EventHandlerManager.java:189) [javafx.base.jar:?]
	at com.sun.javafx.event.CompositeEventDispatcher.dispatchBubblingEvent(CompositeEventDispatcher.java:59) [javafx.base.jar:?]
	at com.sun.javafx.event.BasicEventDispatcher.dispatchEvent(BasicEventDispatcher.java:58) [javafx.base.jar:?]
	at com.sun.javafx.event.EventDispatchChainImpl.dispatchEvent(EventDispatchChainImpl.java:114) [javafx.base.jar:?]
	at com.sun.javafx.event.BasicEventDispatcher.dispatchEvent(BasicEventDispatcher.java:56) [javafx.base.jar:?]
	at com.sun.javafx.event.EventDispatchChainImpl.dispatchEvent(EventDispatchChainImpl.java:114) [javafx.base.jar:?]
	at com.sun.javafx.event.BasicEventDispatcher.dispatchEvent(BasicEventDispatcher.java:56) [javafx.base.jar:?]
	at com.sun.javafx.event.EventDispatchChainImpl.dispatchEvent(EventDispatchChainImpl.java:114) [javafx.base.jar:?]
	at com.sun.javafx.event.EventUtil.fireEventImpl(EventUtil.java:74) [javafx.base.jar:?]
	at com.sun.javafx.event.EventUtil.fireEvent(EventUtil.java:49) [javafx.base.jar:?]
	at javafx.event.Event.fireEvent(Event.java:199) [javafx.base.jar:?]
	at javafx.scene.Node.fireEvent(Node.java:9026) [javafx.graphics.jar:?]
	at javafx.scene.control.Button.fire(Button.java:203) [javafx.controls.jar:?]
	at com.sun.javafx.scene.control.behavior.ButtonBehavior.mouseReleased(ButtonBehavior.java:207) [javafx.controls.jar:?]
	at com.sun.javafx.scene.control.inputmap.InputMap.handle(InputMap.java:274) [javafx.controls.jar:?]
	at com.sun.javafx.event.CompositeEventHandler$NormalEventHandlerRecord.handleBubblingEvent(CompositeEventHandler.java:247) [javafx.base.jar:?]
	at com.sun.javafx.event.CompositeEventHandler.dispatchBubblingEvent(CompositeEventHandler.java:80) [javafx.base.jar:?]
	at com.sun.javafx.event.EventHandlerManager.dispatchBubblingEvent(EventHandlerManager.java:232) [javafx.base.jar:?]
	at com.sun.javafx.event.EventHandlerManager.dispatchBubblingEvent(EventHandlerManager.java:189) [javafx.base.jar:?]
	at com.sun.javafx.event.CompositeEventDispatcher.dispatchBubblingEvent(CompositeEventDispatcher.java:59) [javafx.base.jar:?]
	at com.sun.javafx.event.BasicEventDispatcher.dispatchEvent(BasicEventDispatcher.java:58) [javafx.base.jar:?]
	at com.sun.javafx.event.EventDispatchChainImpl.dispatchEvent(EventDispatchChainImpl.java:114) [javafx.base.jar:?]
	at com.sun.javafx.event.BasicEventDispatcher.dispatchEvent(BasicEventDispatcher.java:56) [javafx.base.jar:?]
	at com.sun.javafx.event.EventDispatchChainImpl.dispatchEvent(EventDispatchChainImpl.java:114) [javafx.base.jar:?]
	at com.sun.javafx.event.BasicEventDispatcher.dispatchEvent(BasicEventDispatcher.java:56) [javafx.base.jar:?]
	at com.sun.javafx.event.EventDispatchChainImpl.dispatchEvent(EventDispatchChainImpl.java:114) [javafx.base.jar:?]
	at com.sun.javafx.event.EventUtil.fireEventImpl(EventUtil.java:74) [javafx.base.jar:?]
	at com.sun.javafx.event.EventUtil.fireEvent(EventUtil.java:54) [javafx.base.jar:?]
	at javafx.event.Event.fireEvent(Event.java:199) [javafx.base.jar:?]
	at javafx.scene.Scene$MouseHandler.process(Scene.java:4061) [javafx.graphics.jar:?]
	at javafx.scene.Scene.processMouseEvent(Scene.java:1947) [javafx.graphics.jar:?]
	at javafx.scene.Scene$ScenePeerListener.mouseEvent(Scene.java:2784) [javafx.graphics.jar:?]
	at com.sun.javafx.tk.quantum.GlassViewEventHandler$MouseEventNotification.get(GlassViewEventHandler.java:353) [javafx.graphics.jar:?]
	at com.sun.javafx.tk.quantum.GlassViewEventHandler$MouseEventNotification.get(GlassViewEventHandler.java:255) [javafx.graphics.jar:?]
	at com.sun.javafx.tk.quantum.QuantumToolkit.runWithoutRenderLock(QuantumToolkit.java:424) [javafx.graphics.jar:?]
	at com.sun.javafx.tk.quantum.GlassViewEventHandler.handleMouseEvent(GlassViewEventHandler.java:387) [javafx.graphics.jar:?]
	at com.sun.glass.ui.View.handleMouseEvent(View.java:573) [javafx.graphics.jar:?]
	at com.sun.glass.ui.View.notifyMouse(View.java:975) [javafx.graphics.jar:?]
	at com.sun.glass.ui.win.WinApplication._runLoop(Native Method) [javafx.graphics.jar:?]
	at com.sun.glass.ui.win.WinApplication.lambda$runLoop$0(WinApplication.java:168) [javafx.graphics.jar:?]
	at java.lang.Thread.run(Thread.java:1447) [?:?]
[2025-12-02 19:38:05] INFO  main.java.ui.StoreApp - StoreApp завершён. Сохраняем данные...
[2025-12-02 19:38:05] INFO  main.java.service.StoreService - Сохранение данных: товаров=11, продаж=8
[2025-12-02 19:38:05] INFO  main.java.data.JsonDataStorage - Сохранение данных в JSON: товаров=11, продаж=8
[2025-12-02 20:57:20] INFO  main.java.data.JsonDataStorage - Попытка загрузки данных из файла: C:\Users\user\Documents\java_practice\runtime\CosmeticsProject/src/main/java/data/data.json
[2025-12-02 20:57:20] INFO  main.java.data.JsonDataStorage - Успешная загрузка данных: товаров=11, продаж=8
[2025-12-02 20:57:54] INFO  main.java.data.JsonDataStorage - Сохранение данных в JSON: товаров=10, продаж=8
[2025-12-02 20:58:23] INFO  main.java.data.JsonDataStorage - Сохранение данных в JSON: товаров=11, продаж=8
[2025-12-02 20:58:34] INFO  main.java.data.JsonDataStorage - Сохранение данных в JSON: товаров=11, продаж=9
[2025-12-02 21:06:34] INFO  main.java.data.JsonDataStorage - Попытка загрузки данных из файла: C:\Users\user\Documents\java_practice\runtime\CosmeticsProject/src/main/java/data/data.json
[2025-12-02 21:06:34] INFO  main.java.data.JsonDataStorage - Успешная загрузка данных: товаров=11, продаж=9
[2025-12-02 21:06:52] INFO  main.java.data.JsonDataStorage - Сохранение данных в JSON: товаров=11, продаж=10
[2025-12-02 21:08:48] INFO  main.java.data.JsonDataStorage - Сохранение данных в JSON: товаров=11, продаж=10
[2025-12-02 21:08:56] INFO  main.java.data.JsonDataStorage - Попытка загрузки данных из файла: C:\Users\user\Documents\java_practice\runtime\CosmeticsProject/src/main/java/data/data.json
[2025-12-02 21:08:57] INFO  main.java.data.JsonDataStorage - Успешная загрузка данных: товаров=11, продаж=10
[2025-12-02 21:11:25] INFO  main.java.data.JsonDataStorage - Попытка загрузки данных из файла: C:\Users\user\Documents\java_practice\runtime\CosmeticsProject/src/main/java/data/data.json
[2025-12-02 21:11:25] INFO  main.java.data.JsonDataStorage - Успешная загрузка данных: товаров=11, продаж=10
[2025-12-02 21:12:22] INFO  main.java.data.JsonDataStorage - Сохранение данных в JSON: товаров=10, продаж=10
[2025-12-02 21:12:57] INFO  main.java.data.JsonDataStorage - Сохранение данных в JSON: товаров=11, продаж=10
[2025-12-02 21:13:05] INFO  main.java.data.JsonDataStorage - Сохранение данных в JSON: товаров=11, продаж=11
[2025-12-02 21:13:23] INFO  main.java.data.JsonDataStorage - Сохранение данных в JSON: товаров=11, продаж=12
[2025-12-02 21:13:40] INFO  main.java.data.JsonDataStorage - Сохранение данных в JSON: товаров=10, продаж=12
[2025-12-02 21:13:42] INFO  main.java.data.JsonDataStorage - Сохранение данных в JSON: товаров=10, продаж=12
[2025-12-02 21:33:32] INFO  main.java.data.JsonDataStorage - Попытка загрузки данных из файла: C:\Users\user\Documents\java_practice\runtime\CosmeticsProject/src/main/java/data/data.json
[2025-12-02 21:33:32] INFO  main.java.data.JsonDataStorage - Успешная загрузка данных: товаров=10, продаж=12
[2025-12-02 21:33:32] INFO  main.java.ui.StoreApp - StoreApp запущен.
[2025-12-02 21:33:47] INFO  main.java.ui.StoreApp - Обновлена выручка: Общая выручка: 60287.0 тг.
[2025-12-02 21:33:48] INFO  main.java.ui.StoreApp - Обновлена выручка: Общая выручка: 60287.0 тг.
[2025-12-02 21:33:56] INFO  main.java.ui.StoreApp - Обновлена выручка: Общая выручка: 60287.0 тг.
[2025-12-02 21:34:05] INFO  main.java.ui.StoreApp - Обновлена выручка: Общая выручка: 60287.0 тг.
[2025-12-02 21:34:32] INFO  main.java.data.JsonDataStorage - Сохранение данных в JSON: товаров=10, продаж=12
[2025-12-02 21:34:32] INFO  main.java.ui.StoreApp - Приложение закрыто, данные сохранены.
[2025-12-02 21:34:49] INFO  main.java.data.JsonDataStorage - Попытка загрузки данных из файла: C:\Users\user\Documents\java_practice\runtime\CosmeticsProject/src/main/java/data/data.json
[2025-12-02 21:34:49] INFO  main.java.data.JsonDataStorage - Успешная загрузка данных: товаров=10, продаж=11
[2025-12-02 21:34:49] INFO  main.java.ui.StoreApp - StoreApp запущен.
[2025-12-02 21:34:52] INFO  main.java.ui.StoreApp - Обновлена выручка: Общая выручка: 60187.0 тг.
[2025-12-02 21:34:58] INFO  main.java.ui.StoreApp - Обновлена выручка: Общая выручка: 60187.0 тг.
[2025-12-02 21:34:59] INFO  main.java.ui.StoreApp - Обновлена выручка: Общая выручка: 60187.0 тг.
[2025-12-02 21:35:18] INFO  main.java.data.JsonDataStorage - Сохранение данных в JSON: товаров=10, продаж=11
[2025-12-02 21:35:18] INFO  main.java.ui.StoreApp - Приложение закрыто, данные сохранены.
[2025-12-02 21:35:44] INFO  main.java.data.JsonDataStorage - Попытка загрузки данных из файла: C:\Users\user\Documents\java_practice\runtime\CosmeticsProject/src/main/java/data/data.json
[2025-12-02 21:35:44] WARN  main.java.data.JsonDataStorage - Файл пуст. Возвращаем пустые списки.
[2025-12-02 21:35:44] INFO  main.java.ui.StoreApp - StoreApp запущен.
[2025-12-02 21:35:46] INFO  main.java.ui.StoreApp - Обновлена выручка: Общая выручка: 0.0 тг.
[2025-12-02 21:35:47] INFO  main.java.ui.StoreApp - Обновлена выручка: Общая выручка: 0.0 тг.
[2025-12-02 21:36:19] INFO  main.java.data.JsonDataStorage - Сохранение данных в JSON: товаров=1, продаж=0
[2025-12-02 21:36:19] INFO  main.java.ui.StoreApp - Добавлен товар: Крем для рук, цена=1000.0, qty=100
[2025-12-02 21:36:21] INFO  main.java.ui.StoreApp - Обновлена выручка: Общая выручка: 0.0 тг.
[2025-12-02 21:36:22] INFO  main.java.ui.StoreApp - Обновлена выручка: Общая выручка: 0.0 тг.
[2025-12-02 21:36:58] INFO  main.java.data.JsonDataStorage - Сохранение данных в JSON: товаров=2, продаж=0
[2025-12-02 21:36:58] INFO  main.java.ui.StoreApp - Добавлен товар: Шампунь, цена=4000.0, qty=20
[2025-12-02 21:37:24] INFO  main.java.data.JsonDataStorage - Сохранение данных в JSON: товаров=3, продаж=0
[2025-12-02 21:37:24] INFO  main.java.ui.StoreApp - Добавлен товар: зубная паста, цена=1500.0, qty=100
[2025-12-02 21:37:26] INFO  main.java.ui.StoreApp - Обновлена выручка: Общая выручка: 0.0 тг.
[2025-12-02 21:37:37] INFO  main.java.ui.StoreApp - Продан товар: зубная паста, qty=1423123
[2025-12-02 21:37:47] INFO  main.java.data.JsonDataStorage - Сохранение данных в JSON: товаров=3, продаж=1
[2025-12-02 21:37:47] INFO  main.java.ui.StoreApp - Продан товар: зубная паста, qty=1
[2025-12-02 21:37:49] INFO  main.java.ui.StoreApp - Обновлена выручка: Общая выручка: 1500.0 тг.
[2025-12-02 21:37:56] INFO  main.java.data.JsonDataStorage - Сохранение данных в JSON: товаров=3, продаж=2
[2025-12-02 21:37:56] INFO  main.java.ui.StoreApp - Продан товар: Шампунь, qty=2
[2025-12-02 21:38:00] INFO  main.java.data.JsonDataStorage - Сохранение данных в JSON: товаров=3, продаж=3
[2025-12-02 21:38:00] INFO  main.java.ui.StoreApp - Продан товар: Крем для рук, qty=10
[2025-12-02 21:38:01] INFO  main.java.ui.StoreApp - Обновлена выручка: Общая выручка: 19500.0 тг.
[2025-12-02 21:38:03] INFO  main.java.ui.StoreApp - Обновлена выручка: Общая выручка: 19500.0 тг.
[2025-12-02 21:38:15] INFO  main.java.ui.StoreApp - Обновлена выручка: Общая выручка: 19500.0 тг.
[2025-12-02 21:38:16] INFO  main.java.ui.StoreApp - Обновлена выручка: Общая выручка: 19500.0 тг.
[2025-12-02 21:38:20] INFO  main.java.ui.StoreApp - Обновлена выручка: Общая выручка: 19500.0 тг.
[2025-12-02 21:38:22] INFO  main.java.ui.StoreApp - Обновлена выручка: Общая выручка: 19500.0 тг.
[2025-12-02 21:38:23] INFO  main.java.ui.StoreApp - Обновлена выручка: Общая выручка: 19500.0 тг.
[2025-12-02 21:38:24] INFO  main.java.ui.StoreApp - Обновлена выручка: Общая выручка: 19500.0 тг.
[2025-12-02 21:38:25] INFO  main.java.ui.StoreApp - Обновлена выручка: Общая выручка: 19500.0 тг.
[2025-12-02 21:38:26] INFO  main.java.ui.StoreApp - Обновлена выручка: Общая выручка: 19500.0 тг.
[2025-12-02 21:38:28] INFO  main.java.ui.StoreApp - Обновлена выручка: Общая выручка: 19500.0 тг.
[2025-12-02 21:38:32] INFO  main.java.ui.StoreApp - Обновлена выручка: Общая выручка: 19500.0 тг.
[2025-12-02 21:38:33] INFO  main.java.ui.StoreApp - Обновлена выручка: Общая выручка: 19500.0 тг.
[2025-12-02 21:38:49] INFO  main.java.data.JsonDataStorage - Сохранение данных в JSON: товаров=3, продаж=3
[2025-12-02 21:38:49] INFO  main.java.data.JsonDataStorage - Сохранение данных в JSON: товаров=3, продаж=3
[2025-12-02 21:38:49] INFO  main.java.ui.StoreApp - Обновлён товар: id=2, name=Шампунь для волос
[2025-12-02 21:38:51] INFO  main.java.ui.StoreApp - Обновлена выручка: Общая выручка: 19500.0 тг.
[2025-12-02 21:39:17] INFO  main.java.data.JsonDataStorage - Сохранение данных в JSON: товаров=4, продаж=3
[2025-12-02 21:39:17] INFO  main.java.ui.StoreApp - Добавлен товар: лак для волос, цена=2000.0, qty=40
[2025-12-02 21:40:10] INFO  main.java.data.JsonDataStorage - Сохранение данных в JSON: товаров=5, продаж=3
[2025-12-02 21:40:10] INFO  main.java.ui.StoreApp - Добавлен товар: Лак для ногтей, цена=1390.0, qty=36
[2025-12-02 21:40:47] INFO  main.java.data.JsonDataStorage - Сохранение данных в JSON: товаров=6, продаж=3
[2025-12-02 21:40:47] INFO  main.java.ui.StoreApp - Добавлен товар: Средство для снятия маникюра, цена=1500.0, qty=50
[2025-12-02 21:40:52] INFO  main.java.ui.StoreApp - Обновлена выручка: Общая выручка: 19500.0 тг.
[2025-12-02 21:40:53] INFO  main.java.ui.StoreApp - Обновлена выручка: Общая выручка: 19500.0 тг.
[2025-12-02 21:40:57] INFO  main.java.ui.StoreApp - Обновлена выручка: Общая выручка: 19500.0 тг.
[2025-12-02 21:41:08] INFO  main.java.data.JsonDataStorage - Сохранение данных в JSON: товаров=6, продаж=4
[2025-12-02 21:41:08] INFO  main.java.ui.StoreApp - Продан товар: Лак для ногтей, qty=5
[2025-12-02 21:41:09] INFO  main.java.ui.StoreApp - Обновлена выручка: Общая выручка: 26450.0 тг.
[2025-12-02 21:41:10] INFO  main.java.ui.StoreApp - Обновлена выручка: Общая выручка: 26450.0 тг.
[2025-12-02 21:42:29] INFO  main.java.data.JsonDataStorage - Сохранение данных в JSON: товаров=7, продаж=4
[2025-12-02 21:42:29] INFO  main.java.ui.StoreApp - Добавлен товар: Маска для лица, цена=500.0, qty=100
[2025-12-02 21:43:00] INFO  main.java.data.JsonDataStorage - Сохранение данных в JSON: товаров=8, продаж=4
[2025-12-02 21:43:00] INFO  main.java.ui.StoreApp - Добавлен товар: саваж, цена=50000.0, qty=5
[2025-12-02 21:43:14] INFO  main.java.data.JsonDataStorage - Сохранение данных в JSON: товаров=8, продаж=5
[2025-12-02 21:43:14] INFO  main.java.ui.StoreApp - Продан товар: саваж, qty=1
[2025-12-02 21:43:16] INFO  main.java.ui.StoreApp - Обновлена выручка: Общая выручка: 76450.0 тг.
[2025-12-02 21:43:21] INFO  main.java.ui.StoreApp - Обновлена выручка: Общая выручка: 76450.0 тг.
[2025-12-02 21:43:46] INFO  main.java.ui.StoreApp - Обновлена выручка: Общая выручка: 76450.0 тг.
[2025-12-02 21:43:47] INFO  main.java.ui.StoreApp - Обновлена выручка: Общая выручка: 76450.0 тг.
[2025-12-02 21:43:48] INFO  main.java.ui.StoreApp - Обновлена выручка: Общая выручка: 76450.0 тг.
[2025-12-02 21:43:49] INFO  main.java.ui.StoreApp - Обновлена выручка: Общая выручка: 76450.0 тг.
[2025-12-02 21:43:51] INFO  main.java.ui.StoreApp - Обновлена выручка: Общая выручка: 76450.0 тг.
[2025-12-02 21:43:52] INFO  main.java.ui.StoreApp - Обновлена выручка: Общая выручка: 76450.0 тг.
[2025-12-02 21:43:54] INFO  main.java.ui.StoreApp - Обновлена выручка: Общая выручка: 76450.0 тг.
[2025-12-02 21:44:22] INFO  main.java.ui.StoreApp - Обновлена выручка: Общая выручка: 76450.0 тг.
[2025-12-02 21:44:23] INFO  main.java.ui.StoreApp - Обновлена выручка: Общая выручка: 76450.0 тг.
[2025-12-02 21:46:11] INFO  main.java.ui.StoreApp - Обновлена выручка: Общая выручка: 76450.0 тг.
[2025-12-02 21:48:11] INFO  main.java.ui.StoreApp - Обновлена выручка: Общая выручка: 76450.0 тг.
[2025-12-02 21:48:12] INFO  main.java.ui.StoreApp - Обновлена выручка: Общая выручка: 76450.0 тг.
[2025-12-02 21:48:13] INFO  main.java.ui.StoreApp - Обновлена выручка: Общая выручка: 76450.0 тг.
[2025-12-02 21:48:14] INFO  main.java.ui.StoreApp - Обновлена выручка: Общая выручка: 76450.0 тг.
[2025-12-02 21:48:15] INFO  main.java.ui.StoreApp - Обновлена выручка: Общая выручка: 76450.0 тг.
[2025-12-02 21:48:19] INFO  main.java.ui.StoreApp - Обновлена выручка: Общая выручка: 76450.0 тг.
[2025-12-02 21:48:20] INFO  main.java.ui.StoreApp - Обновлена выручка: Общая выручка: 76450.0 тг.
[2025-12-02 21:52:30] INFO  main.java.data.JsonDataStorage - Попытка загрузки данных из файла: C:\Users\user\Documents\java_practice\runtime\CosmeticsProject/src/main/java/data/data.json
[2025-12-02 21:52:30] INFO  main.java.data.JsonDataStorage - Успешная загрузка данных: товаров=8, продаж=5
[2025-12-02 21:52:30] INFO  main.java.ui.StoreApp - StoreApp запущен.
[2025-12-02 21:52:33] INFO  main.java.ui.StoreApp - Обновлена выручка: Общая выручка: 76450.0 тг.
[2025-12-02 21:52:34] INFO  main.java.ui.StoreApp - Обновлена выручка: Общая выручка: 76450.0 тг.
[2025-12-02 21:52:35] INFO  main.java.ui.StoreApp - Обновлена выручка: Общая выручка: 76450.0 тг.
[2025-12-02 21:52:36] INFO  main.java.ui.StoreApp - Обновлена выручка: Общая выручка: 76450.0 тг.
[2025-12-02 21:52:38] INFO  main.java.data.JsonDataStorage - Сохранение данных в JSON: товаров=8, продаж=5
[2025-12-02 21:52:38] INFO  main.java.ui.StoreApp - Приложение закрыто, данные сохранены.
[2025-12-02 22:20:40] INFO  main.java.data.JsonDataStorage - Попытка загрузки данных из файла: C:\Users\user\Documents\java_practice\runtime\CosmeticsProject/src/main/java/data/data.json
[2025-12-02 22:20:40] INFO  main.java.data.JsonDataStorage - Успешная загрузка данных: товаров=8, продаж=5
[2025-12-02 22:20:40] INFO  main.java.ui.StoreApp - StoreApp запущен.
[2025-12-02 22:21:00] INFO  main.java.ui.StoreApp - Обновлена выручка: Общая выручка: 76450.0 тг.
[2025-12-02 22:21:01] INFO  main.java.ui.StoreApp - Обновлена выручка: Общая выручка: 76450.0 тг.
[2025-12-02 22:21:02] INFO  main.java.ui.StoreApp - Обновлена выручка: Общая выручка: 76450.0 тг.
[2025-12-02 22:21:03] INFO  main.java.ui.StoreApp - Обновлена выручка: Общая выручка: 76450.0 тг.
[2025-12-02 22:21:07] INFO  main.java.ui.StoreApp - Обновлена выручка: Общая выручка: 76450.0 тг.
[2025-12-02 22:21:14] INFO  main.java.data.JsonDataStorage - Сохранение данных в JSON: товаров=8, продаж=5
[2025-12-02 22:21:14] INFO  main.java.ui.StoreApp - Приложение закрыто, данные сохранены.
[2025-12-03 17:18:02] INFO  main.java.data.JsonDataStorage - Попытка загрузки данных из файла: C:\Users\user\Documents\java_practice\runtime\CosmeticsProject/src/main/java/data/data.json
[2025-12-03 17:18:02] INFO  main.java.data.JsonDataStorage - Успешная загрузка данных: товаров=8, продаж=5
[2025-12-03 17:18:02] INFO  main.java.ui.StoreApp - StoreApp стартует
[2025-12-03 17:18:11] INFO  main.java.ui.StoreApp - Обновление выручки: Общая выручка: 76450.0 тг.
[2025-12-03 17:19:42] INFO  main.java.data.JsonDataStorage - Сохранение данных в JSON: товаров=9, продаж=5
[2025-12-03 17:19:42] INFO  main.java.ui.StoreApp - Добавлен товар через UI: name='авентус', price=20000.0, qty=5, brand='крид', category='Парфюмерия'
[2025-12-03 17:19:58] INFO  main.java.data.JsonDataStorage - Сохранение данных в JSON: товаров=9, продаж=6
[2025-12-03 17:19:58] INFO  main.java.ui.StoreApp - Продана единица: id=6, name=Средство для снятия маникюра, qty=3
[2025-12-03 17:20:05] INFO  main.java.ui.StoreApp - Обновление выручки: Общая выручка: 80950.0 тг.
[2025-12-03 17:20:11] INFO  main.java.ui.StoreApp - Обновление выручки: Общая выручка: 80950.0 тг.
[2025-12-03 17:20:12] INFO  main.java.ui.StoreApp - Обновление выручки: Общая выручка: 80950.0 тг.
[2025-12-03 17:20:17] INFO  main.java.ui.StoreApp - Обновление выручки: Общая выручка: 80950.0 тг.
[2025-12-03 17:20:25] INFO  main.java.ui.StoreApp - Обновление выручки: Общая выручка: 80950.0 тг.
[2025-12-03 17:20:47] INFO  main.java.data.JsonDataStorage - Сохранение данных в JSON: товаров=9, продаж=6
[2025-12-03 17:20:47] INFO  main.java.data.JsonDataStorage - Сохранение данных в JSON: товаров=9, продаж=6
[2025-12-03 17:20:47] INFO  main.java.ui.StoreApp - Обновлён товар: id=6, name='Средство для снятия маникюра', price=1500.0, qty=47, brand='я не знаю', category='Маникюр'
[2025-12-03 17:21:03] INFO  main.java.data.JsonDataStorage - Сохранение данных в JSON: товаров=9, продаж=6
[2025-12-03 17:21:03] INFO  main.java.data.JsonDataStorage - Сохранение данных в JSON: товаров=9, продаж=6
[2025-12-03 17:21:03] INFO  main.java.ui.StoreApp - Обновлён товар: id=6, name='Средство для снятия маникюра', price=1500.0, qty=47, brand='я не знаю', category='Маникюр'
[2025-12-03 17:21:17] INFO  main.java.ui.StoreApp - Обновление выручки: Общая выручка: 80950.0 тг.
[2025-12-03 17:21:28] INFO  main.java.data.JsonDataStorage - Сохранение данных в JSON: товаров=9, продаж=7
[2025-12-03 17:21:28] INFO  main.java.ui.StoreApp - Продана единица: id=6, name=Средство для снятия маникюра, qty=1
[2025-12-03 17:21:36] INFO  main.java.ui.StoreApp - Обновление выручки: Общая выручка: 82450.0 тг.
[2025-12-03 17:21:37] INFO  main.java.ui.StoreApp - Обновление выручки: Общая выручка: 82450.0 тг.
[2025-12-03 17:21:49] INFO  main.java.ui.StoreApp - Обновление выручки: Общая выручка: 82450.0 тг.
[2025-12-03 17:21:52] INFO  main.java.data.JsonDataStorage - Сохранение данных в JSON: товаров=9, продаж=7
[2025-12-03 17:21:52] INFO  main.java.ui.StoreApp - Приложение остановлено, данные сохранены
[2025-12-03 17:21:54] INFO  main.java.data.JsonDataStorage - Попытка загрузки данных из файла: C:\Users\user\Documents\java_practice\runtime\CosmeticsProject/src/main/java/data/data.json
[2025-12-03 17:21:54] INFO  main.java.data.JsonDataStorage - Успешная загрузка данных: товаров=9, продаж=7
[2025-12-03 17:21:54] INFO  main.java.ui.StoreApp - StoreApp стартует
[2025-12-03 17:22:01] INFO  main.java.data.JsonDataStorage - Сохранение данных в JSON: товаров=9, продаж=8
[2025-12-03 17:22:01] INFO  main.java.ui.StoreApp - Продана единица: id=1, name=Крем для рук, qty=2
[2025-12-03 17:22:13] INFO  main.java.data.JsonDataStorage - Сохранение данных в JSON: товаров=9, продаж=9
[2025-12-03 17:22:13] INFO  main.java.ui.StoreApp - Продана единица: id=7, name=Маска для лица, qty=4
[2025-12-03 17:22:28] INFO  main.java.data.JsonDataStorage - Сохранение данных в JSON: товаров=9, продаж=10
[2025-12-03 17:22:28] INFO  main.java.ui.StoreApp - Продана единица: id=7, name=Маска для лица, qty=1
[2025-12-03 17:22:31] INFO  main.java.ui.StoreApp - Обновление выручки: Общая выручка: 86950.0 тг.
[2025-12-03 17:22:46] INFO  main.java.data.JsonDataStorage - Сохранение данных в JSON: товаров=9, продаж=10
[2025-12-03 17:22:46] INFO  main.java.data.JsonDataStorage - Сохранение данных в JSON: товаров=9, продаж=10
[2025-12-03 17:22:46] INFO  main.java.ui.StoreApp - Обновлён товар: id=6, name='Средство для снятия маникюра', price=1500.0, qty=46, brand='я не знаю', category='Маникюр'
[2025-12-03 17:22:57] INFO  main.java.data.JsonDataStorage - Сохранение данных в JSON: товаров=9, продаж=10
[2025-12-03 17:22:57] INFO  main.java.data.JsonDataStorage - Сохранение данных в JSON: товаров=9, продаж=10
[2025-12-03 17:22:57] INFO  main.java.ui.StoreApp - Обновлён товар: id=6, name='Средство для снятия маникюра 2', price=1500.0, qty=46, brand='незнаю', category='Маникюр'
[2025-12-03 17:23:11] INFO  main.java.data.JsonDataStorage - Сохранение данных в JSON: товаров=9, продаж=10
[2025-12-03 17:23:11] INFO  main.java.data.JsonDataStorage - Сохранение данных в JSON: товаров=9, продаж=10
[2025-12-03 17:23:11] INFO  main.java.ui.StoreApp - Обновлён товар: id=3, name='зубная паста', price=1500.0, qty=99, brand='колгейт', category='Гигиена'
[2025-12-03 17:23:53] INFO  main.java.data.JsonDataStorage - Попытка загрузки данных из файла: C:\Users\user\Documents\java_practice\runtime\CosmeticsProject/src/main/java/data/data.json
[2025-12-03 17:23:53] INFO  main.java.data.JsonDataStorage - Успешная загрузка данных: товаров=9, продаж=10
[2025-12-03 17:23:53] INFO  main.java.ui.StoreApp - StoreApp стартует
[2025-12-03 17:24:01] INFO  main.java.ui.StoreApp - Обновление выручки: Общая выручка: 86950.0 тг.
[2025-12-03 17:24:01] INFO  main.java.ui.StoreApp - Обновление выручки: Общая выручка: 86950.0 тг.
[2025-12-03 17:24:26] INFO  main.java.ui.StoreApp - Обновление выручки: Общая выручка: 86950.0 тг.
[2025-12-03 17:24:39] INFO  main.java.data.JsonDataStorage - Сохранение данных в JSON: товаров=9, продаж=10
[2025-12-03 17:24:39] INFO  main.java.data.JsonDataStorage - Сохранение данных в JSON: товаров=9, продаж=10
[2025-12-03 17:24:39] INFO  main.java.ui.StoreApp - Обновлён товар: id=7, name='Маска для лица', price=500.0, qty=100, brand='корейская', category='Уход'
[2025-12-03 17:24:49] INFO  main.java.data.JsonDataStorage - Сохранение данных в JSON: товаров=9, продаж=10
[2025-12-03 17:24:49] INFO  main.java.data.JsonDataStorage - Сохранение данных в JSON: товаров=9, продаж=10
[2025-12-03 17:24:49] INFO  main.java.ui.StoreApp - Обновлён товар: id=7, name='Маска для лица', price=500.0, qty=100, brand='китайская', category='Уход'
[2025-12-03 17:24:57] INFO  main.java.data.JsonDataStorage - Сохранение данных в JSON: товаров=9, продаж=10
[2025-12-03 17:24:57] INFO  main.java.data.JsonDataStorage - Сохранение данных в JSON: товаров=9, продаж=10
[2025-12-03 17:24:57] INFO  main.java.ui.StoreApp - Обновлён товар: id=7, name='Маска для лица', price=500.0, qty=100, brand='корейская', category='Макияж'
[2025-12-03 17:25:12] INFO  main.java.data.JsonDataStorage - Сохранение данных в JSON: товаров=9, продаж=10
[2025-12-03 17:25:12] INFO  main.java.data.JsonDataStorage - Сохранение данных в JSON: товаров=9, продаж=10
[2025-12-03 17:25:12] INFO  main.java.ui.StoreApp - Обновлён товар: id=7, name='Маска для лица', price=700.0, qty=100, brand='корейская', category='Уход'
[2025-12-03 17:27:13] INFO  main.java.data.JsonDataStorage - Попытка загрузки данных из файла: C:\Users\user\Documents\java_practice\runtime\CosmeticsProject/src/main/java/data/data.json
[2025-12-03 17:27:13] INFO  main.java.data.JsonDataStorage - Успешная загрузка данных: товаров=9, продаж=10
[2025-12-03 17:27:13] INFO  main.java.ui.StoreApp - StoreApp стартует
[2025-12-03 17:27:28] INFO  main.java.data.JsonDataStorage - Сохранение данных в JSON: товаров=9, продаж=10
[2025-12-03 17:27:28] INFO  main.java.data.JsonDataStorage - Сохранение данных в JSON: товаров=9, продаж=10
[2025-12-03 17:27:28] INFO  main.java.ui.StoreApp - Обновлён товар: id=6, name='Средство для снятия маникюра 2', price=1500.0, qty=46, brand='палмолив', category='Маникюр'
[2025-12-03 17:27:44] INFO  main.java.data.JsonDataStorage - Сохранение данных в JSON: товаров=9, продаж=10
[2025-12-03 17:27:44] INFO  main.java.data.JsonDataStorage - Сохранение данных в JSON: товаров=9, продаж=10
[2025-12-03 17:27:44] INFO  main.java.ui.StoreApp - Обновлён товар: id=6, name='Средство для снятия маникюра 2', price=1500.0, qty=50, brand='палмолив', category='Маникюр'
[2025-12-03 17:27:52] INFO  main.java.data.JsonDataStorage - Сохранение данных в JSON: товаров=9, продаж=10
[2025-12-03 17:27:52] INFO  main.java.data.JsonDataStorage - Сохранение данных в JSON: товаров=9, продаж=10
[2025-12-03 17:27:52] INFO  main.java.ui.StoreApp - Обновлён товар: id=6, name='Средство для снятия маникюра 2', price=1500.0, qty=50, brand='палмолив', category='Парфюмерия'
[2025-12-03 17:28:12] INFO  main.java.data.JsonDataStorage - Сохранение данных в JSON: товаров=9, продаж=10
[2025-12-03 17:28:12] INFO  main.java.data.JsonDataStorage - Сохранение данных в JSON: товаров=9, продаж=10
[2025-12-03 17:28:12] INFO  main.java.ui.StoreApp - Обновлён товар: id=7, name='Маска для лица', price=1000.0, qty=100, brand='корейская', category='Уход'
[2025-12-03 17:28:29] INFO  main.java.data.JsonDataStorage - Сохранение данных в JSON: товаров=9, продаж=11
[2025-12-03 17:28:29] INFO  main.java.ui.StoreApp - Продана единица: id=7, name=Маска для лица, qty=1
[2025-12-03 17:28:45] INFO  main.java.data.JsonDataStorage - Сохранение данных в JSON: товаров=8, продаж=11
[2025-12-03 17:28:45] INFO  main.java.ui.StoreApp - Товар удалён (кнопка): id=9, name=авентус
[2025-12-03 17:29:03] INFO  main.java.data.JsonDataStorage - Сохранение данных в JSON: товаров=8, продаж=11
[2025-12-03 17:29:03] INFO  main.java.data.JsonDataStorage - Сохранение данных в JSON: товаров=8, продаж=11
[2025-12-03 17:29:03] INFO  main.java.ui.StoreApp - Обновлён товар: id=5, name='Лак для ногтей 2', price=1390.0, qty=31, brand='Бренд А', category='Маникюр'
[2025-12-03 17:29:12] INFO  main.java.data.JsonDataStorage - Сохранение данных в JSON: товаров=8, продаж=11
[2025-12-03 17:29:12] INFO  main.java.ui.StoreApp - Приложение остановлено, данные сохранены
[2025-12-03 17:29:46] INFO  main.java.data.JsonDataStorage - Попытка загрузки данных из файла: C:\Users\user\Documents\java_practice\runtime\CosmeticsProject/src/main/java/data/data.json
[2025-12-03 17:29:46] INFO  main.java.data.JsonDataStorage - Успешная загрузка данных: товаров=8, продаж=11
[2025-12-03 17:29:46] INFO  main.java.ui.StoreApp - StoreApp стартует
[2025-12-03 17:29:53] INFO  main.java.data.JsonDataStorage - Сохранение данных в JSON: товаров=8, продаж=12
[2025-12-03 17:29:53] INFO  main.java.ui.StoreApp - Продана единица: id=7, name=Маска для лица, qty=1
[2025-12-03 17:30:04] INFO  main.java.data.JsonDataStorage - Сохранение данных в JSON: товаров=8, продаж=12
[2025-12-03 17:30:04] INFO  main.java.data.JsonDataStorage - Сохранение данных в JSON: товаров=8, продаж=12
[2025-12-03 17:30:04] INFO  main.java.ui.StoreApp - Обновлён товар: id=7, name='Маска для лица', price=1000.0, qty=98, brand='китайская', category='Уход'
[2025-12-03 17:30:16] INFO  main.java.data.JsonDataStorage - Сохранение данных в JSON: товаров=8, продаж=12
[2025-12-03 17:30:16] INFO  main.java.data.JsonDataStorage - Сохранение данных в JSON: товаров=8, продаж=12
[2025-12-03 17:30:16] INFO  main.java.ui.StoreApp - Обновлён товар: id=7, name='Маска для волос', price=1000.0, qty=98, brand='китайская', category='Уход'
[2025-12-03 17:33:39] INFO  main.java.data.JsonDataStorage - Сохранение данных в JSON: товаров=8, продаж=12
[2025-12-03 17:33:39] INFO  main.java.ui.StoreApp - Приложение остановлено, данные сохранены
[2025-12-03 17:36:58] INFO  main.java.data.JsonDataStorage - Попытка загрузки данных из файла: C:\Users\user\Documents\java_practice\runtime\CosmeticsProject/src/main/java/data/data.json
[2025-12-03 17:36:58] INFO  main.java.data.JsonDataStorage - Успешная загрузка данных: товаров=8, продаж=12
[2025-12-03 17:36:58] INFO  main.java.ui.StoreApp - StoreApp стартует
[2025-12-03 17:37:12] INFO  main.java.data.JsonDataStorage - Сохранение данных в JSON: товаров=8, продаж=12
[2025-12-03 17:37:12] INFO  main.java.data.JsonDataStorage - Сохранение данных в JSON: товаров=8, продаж=12
[2025-12-03 17:37:12] INFO  main.java.ui.StoreApp - Обновлён товар: id=7, name='Маска для волос', price=1000.0, qty=98, brand='корейская', category='Уход'
[2025-12-03 17:37:21] INFO  main.java.data.JsonDataStorage - Сохранение данных в JSON: товаров=8, продаж=12
[2025-12-03 17:37:21] INFO  main.java.data.JsonDataStorage - Сохранение данных в JSON: товаров=8, продаж=12
[2025-12-03 17:37:21] INFO  main.java.ui.StoreApp - Обновлён товар: id=7, name='Маска для волос', price=1000.0, qty=98, brand='корейская', category='Макияж'
[2025-12-03 17:37:26] INFO  main.java.data.JsonDataStorage - Сохранение данных в JSON: товаров=8, продаж=12
[2025-12-03 17:37:26] INFO  main.java.data.JsonDataStorage - Сохранение данных в JSON: товаров=8, продаж=12
[2025-12-03 17:37:26] INFO  main.java.ui.StoreApp - Обновлён товар: id=7, name='Маска для волос', price=1000.0, qty=98, brand='корейская', category='Уход'
[2025-12-03 17:37:28] INFO  main.java.ui.StoreApp - Обновление выручки: Общая выручка: 88950.0 тг.
[2025-12-03 17:37:37] INFO  main.java.data.JsonDataStorage - Сохранение данных в JSON: товаров=8, продаж=12
[2025-12-03 17:37:37] INFO  main.java.ui.StoreApp - Приложение остановлено, данные сохранены
[2025-12-03 17:40:59] INFO  main.java.data.JsonDataStorage - Попытка загрузки данных из файла: C:\Users\user\Documents\java_practice\runtime\CosmeticsProject/src/main/java/data/data.json
[2025-12-03 17:40:59] INFO  main.java.data.JsonDataStorage - Успешная загрузка данных: товаров=8, продаж=12
[2025-12-03 17:40:59] INFO  main.java.ui.StoreApp - StoreApp стартует
[2025-12-03 17:41:02] INFO  main.java.ui.StoreApp - Обновление выручки: Общая выручка: 88950.0 тг.
[2025-12-03 17:41:04] INFO  main.java.data.JsonDataStorage - Сохранение данных в JSON: товаров=8, продаж=12
[2025-12-03 17:41:04] INFO  main.java.ui.StoreApp - Приложение остановлено, данные сохранены
[2025-12-03 17:50:34] INFO  main.java.data.JsonDataStorage - Попытка загрузки данных из файла: C:\Users\user\Documents\java_practice\runtime\CosmeticsProject/src/main/java/data/data.json
[2025-12-03 17:50:34] INFO  main.java.data.JsonDataStorage - Успешная загрузка данных: товаров=8, продаж=12
[2025-12-03 17:50:34] INFO  main.java.ui.StoreApp - StoreApp стартует
[2025-12-03 17:52:03] INFO  main.java.ui.StoreApp - Обновление выручки: Общая выручка: 88950.0 тг.
[2025-12-03 17:52:05] INFO  main.java.ui.StoreApp - Обновление выручки: Общая выручка: 88950.0 тг.
[2025-12-03 17:52:05] INFO  main.java.data.JsonDataStorage - Сохранение данных в JSON: товаров=8, продаж=12
[2025-12-03 17:52:05] INFO  main.java.ui.StoreApp - Приложение остановлено, данные сохранены
[2025-12-03 18:05:57] INFO  main.java.data.JsonDataStorage - Попытка загрузки данных из файла: C:\Users\user\Documents\java_practice\runtime\CosmeticsProject/src/main/java/data/data.json
[2025-12-03 18:05:57] INFO  main.java.data.JsonDataStorage - Успешная загрузка данных: товаров=8, продаж=12
[2025-12-03 18:05:57] INFO  main.java.ui.StoreApp - StoreApp стартует
[2025-12-03 18:06:08] INFO  main.java.data.JsonDataStorage - Сохранение данных в JSON: товаров=8, продаж=11
[2025-12-03 18:06:08] INFO  main.java.ui.StoreApp - Возврат: saleId=466097559, product=Маска для волос, qty=1
[2025-12-03 18:06:10] INFO  main.java.ui.StoreApp - Обновление выручки: Общая выручка: 87950.0 тг.
[2025-12-03 18:06:17] INFO  main.java.data.JsonDataStorage - Сохранение данных в JSON: товаров=8, продаж=10
[2025-12-03 18:06:17] INFO  main.java.ui.StoreApp - Возврат: saleId=316945008, product=Маска для лица, qty=1
[2025-12-03 18:06:54] INFO  main.java.data.JsonDataStorage - Сохранение данных в JSON: товаров=8, продаж=10
[2025-12-03 18:06:54] INFO  main.java.data.JsonDataStorage - Сохранение данных в JSON: товаров=8, продаж=10
[2025-12-03 18:06:54] INFO  main.java.ui.StoreApp - Обновлён товар: id=7, name='Маска для лица', price=1000.0, qty=98, brand='корейская', category='Уход'
[2025-12-03 18:07:00] INFO  main.java.data.JsonDataStorage - Сохранение данных в JSON: товаров=8, продаж=9
[2025-12-03 18:07:00] INFO  main.java.ui.StoreApp - Возврат: saleId=1393315003, product=Маска для лица, qty=1
[2025-12-03 18:07:08] INFO  main.java.data.JsonDataStorage - Сохранение данных в JSON: товаров=8, продаж=9
[2025-12-03 18:07:08] INFO  main.java.ui.StoreApp - Приложение остановлено, данные сохранены
[2025-12-03 18:09:10] INFO  main.java.data.JsonDataStorage - Попытка загрузки данных из файла: C:\Users\user\Documents\java_practice\runtime\CosmeticsProject/src/main/java/data/data.json
[2025-12-03 18:09:10] INFO  main.java.data.JsonDataStorage - Успешная загрузка данных: товаров=8, продаж=9
[2025-12-03 18:09:10] INFO  main.java.ui.StoreApp - StoreApp стартует
[2025-12-03 18:09:28] INFO  main.java.data.JsonDataStorage - Сохранение данных в JSON: товаров=8, продаж=10
[2025-12-03 18:09:28] INFO  main.java.ui.StoreApp - Продано: id=6, name='Средство для снятия маникюра 2', qty=1
[2025-12-03 18:09:35] INFO  main.java.data.JsonDataStorage - Сохранение данных в JSON: товаров=8, продаж=11
[2025-12-03 18:09:35] INFO  main.java.ui.StoreApp - Продано: id=6, name='Средство для снятия маникюра 2', qty=2
[2025-12-03 18:09:46] INFO  main.java.data.JsonDataStorage - Сохранение данных в JSON: товаров=8, продаж=11
[2025-12-03 18:09:46] INFO  main.java.data.JsonDataStorage - Сохранение данных в JSON: товаров=8, продаж=11
[2025-12-03 18:09:46] INFO  main.java.ui.StoreApp - Обновлён товар: id=5, name='Лак для ногтей', price=1390.0, qty=31, brand='Бренд А', category='Маникюр'
[2025-12-03 18:09:48] INFO  main.java.ui.StoreApp - Обновление выручки: Общая выручка: 90950.0 тг.
[2025-12-03 18:09:49] INFO  main.java.ui.StoreApp - Обновление выручки: Общая выручка: 90950.0 тг.
[2025-12-03 18:09:50] INFO  main.java.ui.StoreApp - Обновление выручки: Общая выручка: 90950.0 тг.
[2025-12-03 18:09:51] INFO  main.java.ui.StoreApp - Обновление выручки: Общая выручка: 90950.0 тг.
[2025-12-03 18:10:03] INFO  main.java.data.JsonDataStorage - Сохранение данных в JSON: товаров=8, продаж=12
[2025-12-03 18:10:03] INFO  main.java.ui.StoreApp - Продано: id=3, name='зубная паста', qty=10
[2025-12-03 18:10:06] INFO  main.java.ui.StoreApp - Обновление выручки: Общая выручка: 105950.0 тг.
[2025-12-03 18:10:13] INFO  main.java.data.JsonDataStorage - Сохранение данных в JSON: товаров=8, продаж=12
[2025-12-03 18:10:13] INFO  main.java.ui.StoreApp - Приложение остановлено, данные сохранены
[2025-12-03 18:10:43] INFO  main.java.data.JsonDataStorage - Попытка загрузки данных из файла: C:\Users\user\Documents\java_practice\runtime\CosmeticsProject/src/main/java/data/data.json
[2025-12-03 18:10:43] INFO  main.java.data.JsonDataStorage - Успешная загрузка данных: товаров=8, продаж=12
[2025-12-03 18:10:43] INFO  main.java.ui.StoreApp - StoreApp стартует
[2025-12-03 18:10:54] INFO  main.java.data.JsonDataStorage - Сохранение данных в JSON: товаров=8, продаж=12
[2025-12-03 18:10:54] INFO  main.java.data.JsonDataStorage - Сохранение данных в JSON: товаров=8, продаж=12
[2025-12-03 18:10:54] INFO  main.java.ui.StoreApp - Обновлён товар: id=8, name='саваж', price=40000.0, qty=4, brand='диор', category='Парфюмерия'
[2025-12-03 18:11:55] INFO  main.java.ui.StoreApp - Обновление выручки: Общая выручка: 105950.0 тг.
[2025-12-03 18:12:03] INFO  main.java.data.JsonDataStorage - Сохранение данных в JSON: товаров=8, продаж=12
[2025-12-03 18:12:03] INFO  main.java.ui.StoreApp - Приложение остановлено, данные сохранены
[2025-12-03 18:18:08] INFO  main.java.data.JsonDataStorage - Попытка загрузки данных из файла: C:\Users\user\Documents\java_practice\runtime\CosmeticsProject/src/main/java/data/data.json
[2025-12-03 18:18:08] INFO  main.java.data.JsonDataStorage - Успешная загрузка данных: товаров=8, продаж=12
[2025-12-03 18:18:08] INFO  main.java.ui.StoreApp - StoreApp стартует
[2025-12-03 18:18:10] INFO  main.java.ui.StoreApp - Обновление выручки: Общая выручка: 105950.0 тг.
[2025-12-03 18:18:12] INFO  main.java.data.JsonDataStorage - Сохранение данных в JSON: товаров=8, продаж=12
[2025-12-03 18:18:12] INFO  main.java.ui.StoreApp - Приложение остановлено, данные сохранены
[2025-12-03 18:46:38] INFO  main.java.data.JsonDataStorage - Попытка загрузки данных из файла: C:\Users\user\Documents\java_practice\runtime\CosmeticsProject/src/main/java/data/data.json
[2025-12-03 18:46:38] INFO  main.java.data.JsonDataStorage - Успешная загрузка данных: товаров=8, продаж=12
[2025-12-03 18:46:38] INFO  main.java.ui.StoreApp - StoreApp стартует
[2025-12-03 18:49:20] INFO  main.java.data.JsonDataStorage - Сохранение данных в JSON: товаров=9, продаж=12
[2025-12-03 18:49:20] INFO  main.java.ui.StoreApp - Добавлен товар: name='Хозяйственное мыло', price=200.0, qty=40, brand='мыло', cat='Гигиена'
[2025-12-03 18:49:51] INFO  main.java.data.JsonDataStorage - Сохранение данных в JSON: товаров=9, продаж=13
[2025-12-03 18:49:51] INFO  main.java.ui.StoreApp - Продано: id=9, name='Хозяйственное мыло', qty=2
[2025-12-03 18:50:58] INFO  main.java.data.JsonDataStorage - Сохранение данных в JSON: товаров=8, продаж=13
[2025-12-03 18:50:58] INFO  main.java.ui.StoreApp - Товар удалён (контекст): id=9, name=Хозяйственное мыло
[2025-12-06 15:30:37] INFO  main.java.data.JsonDataStorage - Загрузка всех данных из файлов
[2025-12-06 15:30:37] INFO  main.java.data.JsonDataStorage - Загрузка товаров из файла: C:\Users\user\Downloads\CosmeticsProject/src/main/java/data/products.json
[2025-12-06 15:30:37] INFO  main.java.data.JsonDataStorage - Успешная загрузка товаров: количество=8
[2025-12-06 15:30:37] INFO  main.java.data.JsonDataStorage - Загрузка продаж из файла: C:\Users\user\Downloads\CosmeticsProject/src/main/java/data/sales.json
[2025-12-06 15:30:37] INFO  main.java.data.JsonDataStorage - Успешная загрузка продаж: количество=13
[2025-12-06 15:30:37] INFO  main.java.ui.StoreApp - StoreApp стартует
[2025-12-06 15:30:56] INFO  main.java.ui.StoreApp - Поиск продаж: найдено 5 записей
[2025-12-06 15:31:14] INFO  main.java.data.JsonDataStorage - Сохранение данных: товаров=9, продаж=12
[2025-12-06 15:31:14] INFO  main.java.data.JsonDataStorage - Сохранение товаров в JSON: количество=9
[2025-12-06 15:31:14] INFO  main.java.data.JsonDataStorage - Товары успешно сохранены в файл: C:\Users\user\Downloads\CosmeticsProject/src/main/java/data/products.json
[2025-12-06 15:31:14] INFO  main.java.data.JsonDataStorage - Сохранение продаж в JSON: количество=12
[2025-12-06 15:31:14] INFO  main.java.data.JsonDataStorage - Продажи успешно сохранены в файл: C:\Users\user\Downloads\CosmeticsProject/src/main/java/data/sales.json
[2025-12-06 15:31:14] INFO  main.java.ui.StoreApp - Возврат: Возврат оформлен! Товар: Хозяйственное мыло, количество: 2 шт.
[2025-12-06 15:31:19] INFO  main.java.ui.StoreApp - Обновление выручки: Общая выручка: 105950.0 тг.
[2025-12-06 15:31:23] INFO  main.java.ui.StoreApp - Обновление выручки: Общая выручка: 105950.0 тг.
[2025-12-06 15:31:28] INFO  main.java.ui.StoreApp - Поиск продаж: найдено 3 записей
[2025-12-06 15:31:35] INFO  main.java.data.JsonDataStorage - Сохранение данных: товаров=9, продаж=12
[2025-12-06 15:31:35] INFO  main.java.data.JsonDataStorage - Сохранение товаров в JSON: количество=9
[2025-12-06 15:31:35] INFO  main.java.data.JsonDataStorage - Товары успешно сохранены в файл: C:\Users\user\Downloads\CosmeticsProject/src/main/java/data/products.json
[2025-12-06 15:31:35] INFO  main.java.data.JsonDataStorage - Сохранение продаж в JSON: количество=12
[2025-12-06 15:31:35] INFO  main.java.data.JsonDataStorage - Продажи успешно сохранены в файл: C:\Users\user\Downloads\CosmeticsProject/src/main/java/data/sales.json
[2025-12-06 15:31:35] INFO  main.java.ui.StoreApp - Приложение остановлено, данные сохранены
[2025-12-06 15:35:30] INFO  main.java.data.JsonDataStorage - Загрузка всех данных из файлов
[2025-12-06 15:35:30] INFO  main.java.data.JsonDataStorage - Загрузка товаров из файла: C:\Users\user\Downloads\CosmeticsProject/src/main/java/data/products.json
[2025-12-06 15:35:30] INFO  main.java.data.JsonDataStorage - Успешная загрузка товаров: количество=9
[2025-12-06 15:35:30] INFO  main.java.data.JsonDataStorage - Загрузка продаж из файла: C:\Users\user\Downloads\CosmeticsProject/src/main/java/data/sales.json
[2025-12-06 15:35:30] INFO  main.java.data.JsonDataStorage - Успешная загрузка продаж: количество=12
[2025-12-06 15:35:30] INFO  main.java.ui.StoreApp - StoreApp стартует
[2025-12-06 15:35:32] INFO  main.java.ui.StoreApp - Обновление выручки: Общая выручка: 105950.0 тг.
[2025-12-06 15:35:33] INFO  main.java.ui.StoreApp - Обновление выручки: Общая выручка: 105950.0 тг.
[2025-12-06 15:35:34] INFO  main.java.ui.StoreApp - Обновление выручки: Общая выручка: 105950.0 тг.
[2025-12-06 15:35:39] INFO  main.java.ui.StoreApp - Обновление выручки: Общая выручка: 105950.0 тг.
[2025-12-06 15:35:40] INFO  main.java.ui.StoreApp - Обновление выручки: Общая выручка: 105950.0 тг.
[2025-12-06 15:35:41] INFO  main.java.ui.StoreApp - Обновление выручки: Общая выручка: 105950.0 тг.
[2025-12-06 15:35:58] INFO  main.java.data.JsonDataStorage - Сохранение данных: товаров=9, продаж=12
[2025-12-06 15:35:58] INFO  main.java.data.JsonDataStorage - Сохранение товаров в JSON: количество=9
[2025-12-06 15:35:58] INFO  main.java.data.JsonDataStorage - Товары успешно сохранены в файл: C:\Users\user\Downloads\CosmeticsProject/src/main/java/data/products.json
[2025-12-06 15:35:58] INFO  main.java.data.JsonDataStorage - Сохранение продаж в JSON: количество=12
[2025-12-06 15:35:58] INFO  main.java.data.JsonDataStorage - Продажи успешно сохранены в файл: C:\Users\user\Downloads\CosmeticsProject/src/main/java/data/sales.json
[2025-12-06 15:35:58] INFO  main.java.ui.StoreApp - Приложение остановлено, данные сохранены
[2025-12-06 16:29:58] INFO  main.java.data.JsonDataStorage - Загрузка всех данных из файлов
[2025-12-06 16:29:58] INFO  main.java.data.JsonDataStorage - Загрузка товаров из файла: C:\Users\user\Downloads\CosmeticsProject/src/main/java/data/products.json
[2025-12-06 16:29:58] INFO  main.java.data.JsonDataStorage - Успешная загрузка товаров: количество=9
[2025-12-06 16:29:58] INFO  main.java.data.JsonDataStorage - Загрузка продаж из файла: C:\Users\user\Downloads\CosmeticsProject/src/main/java/data/sales.json
[2025-12-06 16:29:58] INFO  main.java.data.JsonDataStorage - Успешная загрузка продаж: количество=12
[2025-12-06 16:29:58] INFO  main.java.ui.StoreApp - StoreApp стартует
[2025-12-06 16:30:00] INFO  main.java.data.JsonDataStorage - Сохранение данных: товаров=9, продаж=12
[2025-12-06 16:30:00] INFO  main.java.data.JsonDataStorage - Сохранение товаров в JSON: количество=9
[2025-12-06 16:30:00] INFO  main.java.data.JsonDataStorage - Товары успешно сохранены в файл: C:\Users\user\Downloads\CosmeticsProject/src/main/java/data/products.json
[2025-12-06 16:30:00] INFO  main.java.data.JsonDataStorage - Сохранение продаж в JSON: количество=12
[2025-12-06 16:30:00] INFO  main.java.data.JsonDataStorage - Продажи успешно сохранены в файл: C:\Users\user\Downloads\CosmeticsProject/src/main/java/data/sales.json
[2025-12-06 16:30:00] INFO  main.java.ui.StoreApp - Приложение остановлено, данные сохранены
[2025-12-06 16:34:11] INFO  main.java.data.JsonDataStorage - Загрузка всех данных из файлов
[2025-12-06 16:34:11] INFO  main.java.data.JsonDataStorage - Загрузка товаров из файла: C:\Users\user\Downloads\CosmeticsProject/src/main/java/data/products.json
[2025-12-06 16:34:11] INFO  main.java.data.JsonDataStorage - Успешная загрузка товаров: количество=9
[2025-12-06 16:34:11] INFO  main.java.data.JsonDataStorage - Загрузка продаж из файла: C:\Users\user\Downloads\CosmeticsProject/src/main/java/data/sales.json
[2025-12-06 16:34:11] INFO  main.java.data.JsonDataStorage - Успешная загрузка продаж: количество=12
[2025-12-06 16:34:11] INFO  main.java.ui.StoreApp - StoreApp стартует
[2025-12-06 16:34:15] INFO  main.java.ui.StoreApp - Обновление выручки: Общая выручка: 105950.0 тг.
[2025-12-06 16:34:29] INFO  main.java.data.JsonDataStorage - Сохранение данных: товаров=9, продаж=13
[2025-12-06 16:34:29] INFO  main.java.data.JsonDataStorage - Сохранение товаров в JSON: количество=9
[2025-12-06 16:34:29] INFO  main.java.data.JsonDataStorage - Товары успешно сохранены в файл: C:\Users\user\Downloads\CosmeticsProject/src/main/java/data/products.json
[2025-12-06 16:34:29] INFO  main.java.data.JsonDataStorage - Сохранение продаж в JSON: количество=13
[2025-12-06 16:34:29] INFO  main.java.data.JsonDataStorage - Продажи успешно сохранены в файл: C:\Users\user\Downloads\CosmeticsProject/src/main/java/data/sales.json
[2025-12-06 16:34:29] INFO  main.java.ui.StoreApp - Продано: id=9, name='Хозяйственное мыло', qty=2
[2025-12-06 16:34:39] INFO  main.java.data.JsonDataStorage - Сохранение данных: товаров=9, продаж=12
[2025-12-06 16:34:39] INFO  main.java.data.JsonDataStorage - Сохранение товаров в JSON: количество=9
[2025-12-06 16:34:39] INFO  main.java.data.JsonDataStorage - Товары успешно сохранены в файл: C:\Users\user\Downloads\CosmeticsProject/src/main/java/data/products.json
[2025-12-06 16:34:39] INFO  main.java.data.JsonDataStorage - Сохранение продаж в JSON: количество=12
[2025-12-06 16:34:39] INFO  main.java.data.JsonDataStorage - Продажи успешно сохранены в файл: C:\Users\user\Downloads\CosmeticsProject/src/main/java/data/sales.json
[2025-12-06 16:34:39] INFO  main.java.ui.StoreApp - Возврат: Возврат оформлен! Товар: Хозяйственное мыло, количество: 2 шт.
[2025-12-06 16:34:43] INFO  main.java.ui.StoreApp - Обновление выручки: Общая выручка: 105950.0 тг.
[2025-12-06 16:34:44] INFO  main.java.ui.StoreApp - Обновление выручки: Общая выручка: 105950.0 тг.
[2025-12-06 16:34:45] INFO  main.java.ui.StoreApp - Обновление выручки: Общая выручка: 105950.0 тг.
[2025-12-06 16:34:47] INFO  main.java.ui.StoreApp - Обновление выручки: Общая выручка: 105950.0 тг.
[2025-12-06 16:34:48] INFO  main.java.ui.StoreApp - Обновление выручки: Общая выручка: 105950.0 тг.
[2025-12-06 16:34:56] INFO  main.java.data.JsonDataStorage - Сохранение данных: товаров=9, продаж=13
[2025-12-06 16:34:56] INFO  main.java.data.JsonDataStorage - Сохранение товаров в JSON: количество=9
[2025-12-06 16:34:56] INFO  main.java.data.JsonDataStorage - Товары успешно сохранены в файл: C:\Users\user\Downloads\CosmeticsProject/src/main/java/data/products.json
[2025-12-06 16:34:56] INFO  main.java.data.JsonDataStorage - Сохранение продаж в JSON: количество=13
[2025-12-06 16:34:56] INFO  main.java.data.JsonDataStorage - Продажи успешно сохранены в файл: C:\Users\user\Downloads\CosmeticsProject/src/main/java/data/sales.json
[2025-12-06 16:34:56] INFO  main.java.ui.StoreApp - Продано: id=8, name='саваж', qty=1
[2025-12-06 16:34:56] INFO  main.java.ui.StoreApp - Обновление выручки: Общая выручка: 145950.0 тг.
[2025-12-06 16:35:00] INFO  main.java.data.JsonDataStorage - Сохранение данных: товаров=9, продаж=12
[2025-12-06 16:35:00] INFO  main.java.data.JsonDataStorage - Сохранение товаров в JSON: количество=9
[2025-12-06 16:35:00] INFO  main.java.data.JsonDataStorage - Товары успешно сохранены в файл: C:\Users\user\Downloads\CosmeticsProject/src/main/java/data/products.json
[2025-12-06 16:35:00] INFO  main.java.data.JsonDataStorage - Сохранение продаж в JSON: количество=12
[2025-12-06 16:35:00] INFO  main.java.data.JsonDataStorage - Продажи успешно сохранены в файл: C:\Users\user\Downloads\CosmeticsProject/src/main/java/data/sales.json
[2025-12-06 16:35:00] INFO  main.java.ui.StoreApp - Возврат: Возврат оформлен! Товар: саваж, количество: 1 шт.
[2025-12-06 16:35:03] INFO  main.java.ui.StoreApp - Обновление выручки: Общая выручка: 105950.0 тг.
[2025-12-06 16:35:13] INFO  main.java.ui.StoreApp - Обновление выручки: Общая выручка: 105950.0 тг.
[2025-12-06 16:35:14] INFO  main.java.ui.StoreApp - Обновление выручки: Общая выручка: 105950.0 тг.
[2025-12-06 16:35:15] INFO  main.java.data.JsonDataStorage - Сохранение данных: товаров=9, продаж=12
[2025-12-06 16:35:15] INFO  main.java.data.JsonDataStorage - Сохранение товаров в JSON: количество=9
[2025-12-06 16:35:15] INFO  main.java.data.JsonDataStorage - Товары успешно сохранены в файл: C:\Users\user\Downloads\CosmeticsProject/src/main/java/data/products.json
[2025-12-06 16:35:15] INFO  main.java.data.JsonDataStorage - Сохранение продаж в JSON: количество=12
[2025-12-06 16:35:15] INFO  main.java.data.JsonDataStorage - Продажи успешно сохранены в файл: C:\Users\user\Downloads\CosmeticsProject/src/main/java/data/sales.json
[2025-12-06 16:35:15] INFO  main.java.ui.StoreApp - Приложение остановлено, данные сохранены
[2025-12-06 17:32:08] INFO  main.java.data.JsonDataStorage - Загрузка всех данных из файлов
[2025-12-06 17:32:08] INFO  main.java.data.JsonDataStorage - Загрузка товаров из файла: C:\Users\user\Downloads\CosmeticsProject/src/main/java/data/products.json
[2025-12-06 17:32:08] INFO  main.java.data.JsonDataStorage - Успешная загрузка товаров: количество=9
[2025-12-06 17:32:08] INFO  main.java.data.JsonDataStorage - Загрузка продаж из файла: C:\Users\user\Downloads\CosmeticsProject/src/main/java/data/sales.json
[2025-12-06 17:32:08] INFO  main.java.data.JsonDataStorage - Успешная загрузка продаж: количество=12
[2025-12-06 17:32:08] INFO  main.java.ui.StoreApp - StoreApp стартует
[2025-12-06 17:32:36] INFO  main.java.ui.StoreApp - Обновление выручки: Общая выручка: 105950.0 тг.
[2025-12-06 17:45:58] INFO  main.java.ui.StoreApp - Обновление выручки: Общая выручка: 105950.0 тг.
[2025-12-06 17:45:59] INFO  main.java.ui.StoreApp - Обновление выручки: Общая выручка: 105950.0 тг.
[2025-12-06 17:45:59] INFO  main.java.ui.StoreApp - Обновление выручки: Общая выручка: 105950.0 тг.
[2025-12-06 18:14:11] INFO  main.java.data.JsonDataStorage - Сохранение данных: товаров=9, продаж=13
[2025-12-06 18:14:11] INFO  main.java.data.JsonDataStorage - Сохранение товаров в JSON: количество=9
[2025-12-06 18:14:11] INFO  main.java.data.JsonDataStorage - Товары успешно сохранены в файл: C:\Users\user\Downloads\CosmeticsProject/src/main/java/data/products.json
[2025-12-06 18:14:11] INFO  main.java.data.JsonDataStorage - Сохранение продаж в JSON: количество=13
[2025-12-06 18:14:11] INFO  main.java.data.JsonDataStorage - Продажи успешно сохранены в файл: C:\Users\user\Downloads\CosmeticsProject/src/main/java/data/sales.json
[2025-12-06 18:14:11] INFO  main.java.ui.StoreApp - Продано: id=1, name='Крем для рук', qty=1
[2025-12-06 18:14:43] INFO  main.java.data.JsonDataStorage - Сохранение данных: товаров=9, продаж=12
[2025-12-06 18:14:43] INFO  main.java.data.JsonDataStorage - Сохранение товаров в JSON: количество=9
[2025-12-06 18:14:43] INFO  main.java.data.JsonDataStorage - Товары успешно сохранены в файл: C:\Users\user\Downloads\CosmeticsProject/src/main/java/data/products.json
[2025-12-06 18:14:43] INFO  main.java.data.JsonDataStorage - Сохранение продаж в JSON: количество=12
[2025-12-06 18:14:43] INFO  main.java.data.JsonDataStorage - Продажи успешно сохранены в файл: C:\Users\user\Downloads\CosmeticsProject/src/main/java/data/sales.json
[2025-12-06 18:14:43] INFO  main.java.ui.StoreApp - Возврат: Возврат оформлен! Товар: Крем для рук, количество: 1 шт.
[2025-12-06 18:14:48] INFO  main.java.ui.StoreApp - Обновление выручки: Общая выручка: 105950.0 тг.
[2025-12-06 18:15:23] INFO  main.java.ui.StoreApp - Обновление выручки: Общая выручка: 105950.0 тг.
[2025-12-06 18:15:36] INFO  main.java.data.JsonDataStorage - Сохранение данных: товаров=9, продаж=13
[2025-12-06 18:15:36] INFO  main.java.data.JsonDataStorage - Сохранение товаров в JSON: количество=9
[2025-12-06 18:15:36] INFO  main.java.data.JsonDataStorage - Товары успешно сохранены в файл: C:\Users\user\Downloads\CosmeticsProject/src/main/java/data/products.json
[2025-12-06 18:15:36] INFO  main.java.data.JsonDataStorage - Сохранение продаж в JSON: количество=13
[2025-12-06 18:15:36] INFO  main.java.data.JsonDataStorage - Продажи успешно сохранены в файл: C:\Users\user\Downloads\CosmeticsProject/src/main/java/data/sales.json
[2025-12-06 18:15:36] INFO  main.java.ui.StoreApp - Продано: id=1, name='Крем для рук', qty=30
[2025-12-06 18:15:37] INFO  main.java.ui.StoreApp - Обновление выручки: Общая выручка: 135950.0 тг.
[2025-12-06 18:18:28] INFO  main.java.ui.StoreApp - Обновление выручки: Общая выручка: 135950.0 тг.
[2025-12-06 18:18:59] INFO  main.java.data.JsonDataStorage - Сохранение данных: товаров=9, продаж=13
[2025-12-06 18:18:59] INFO  main.java.data.JsonDataStorage - Сохранение товаров в JSON: количество=9
[2025-12-06 18:18:59] INFO  main.java.data.JsonDataStorage - Товары успешно сохранены в файл: C:\Users\user\Downloads\CosmeticsProject/src/main/java/data/products.json
[2025-12-06 18:18:59] INFO  main.java.data.JsonDataStorage - Сохранение продаж в JSON: количество=13
[2025-12-06 18:18:59] INFO  main.java.data.JsonDataStorage - Продажи успешно сохранены в файл: C:\Users\user\Downloads\CosmeticsProject/src/main/java/data/sales.json
[2025-12-06 18:18:59] INFO  main.java.ui.StoreApp - Приложение остановлено, данные сохранены
[2025-12-07 14:46:40] INFO  main.java.data.JsonDataStorage - Загрузка всех данных из файлов
[2025-12-07 14:46:40] INFO  main.java.data.JsonDataStorage - Загрузка товаров из файла: C:\Users\user\Downloads\CosmeticsProject/src/main/java/data/products.json
[2025-12-07 14:46:40] INFO  main.java.data.JsonDataStorage - Успешная загрузка товаров: количество=9
[2025-12-07 14:46:40] INFO  main.java.data.JsonDataStorage - Загрузка продаж из файла: C:\Users\user\Downloads\CosmeticsProject/src/main/java/data/sales.json
[2025-12-07 14:46:40] INFO  main.java.data.JsonDataStorage - Успешная загрузка продаж: количество=13
[2025-12-07 14:46:40] INFO  main.java.ui.StoreApp - StoreApp стартует
[2025-12-07 14:46:55] INFO  main.java.data.JsonDataStorage - Сохранение данных: товаров=9, продаж=14
[2025-12-07 14:46:55] INFO  main.java.data.JsonDataStorage - Сохранение товаров в JSON: количество=9
[2025-12-07 14:46:55] INFO  main.java.data.JsonDataStorage - Товары успешно сохранены в файл: C:\Users\user\Downloads\CosmeticsProject/src/main/java/data/products.json
[2025-12-07 14:46:55] INFO  main.java.data.JsonDataStorage - Сохранение продаж в JSON: количество=14
[2025-12-07 14:46:55] INFO  main.java.data.JsonDataStorage - Продажи успешно сохранены в файл: C:\Users\user\Downloads\CosmeticsProject/src/main/java/data/sales.json
[2025-12-07 14:46:55] INFO  main.java.ui.StoreApp - Продано: id=9, name='Хозяйственное мыло', qty=2
[2025-12-07 14:48:05] INFO  main.java.data.JsonDataStorage - Сохранение данных: товаров=8, продаж=14
[2025-12-07 14:48:05] INFO  main.java.data.JsonDataStorage - Сохранение товаров в JSON: количество=8
[2025-12-07 14:48:05] INFO  main.java.data.JsonDataStorage - Товары успешно сохранены в файл: C:\Users\user\Downloads\CosmeticsProject/src/main/java/data/products.json
[2025-12-07 14:48:05] INFO  main.java.data.JsonDataStorage - Сохранение продаж в JSON: количество=14
[2025-12-07 14:48:05] INFO  main.java.data.JsonDataStorage - Продажи успешно сохранены в файл: C:\Users\user\Downloads\CosmeticsProject/src/main/java/data/sales.json
[2025-12-07 14:48:05] INFO  main.java.ui.StoreApp - Товар удалён (кнопка): id=9, name=Хозяйственное мыло
[2025-12-07 15:22:20] INFO  main.java.ui.StoreApp - Обновление выручки: Общая выручка: 136350.0 тг.
[2025-12-07 15:23:12] INFO  main.java.ui.StoreApp - Обновление выручки: Общая выручка: 136350.0 тг.
[2025-12-07 15:23:26] INFO  main.java.ui.StoreApp - Обновление выручки: Общая выручка: 136350.0 тг.
[2025-12-07 15:23:29] INFO  main.java.ui.StoreApp - Обновление выручки: Общая выручка: 136350.0 тг.
[2025-12-07 15:25:01] INFO  main.java.ui.StoreApp - Обновление выручки: Общая выручка: 136350.0 тг.
